This file contains any messages produced by compilers while
running configure, to aid debugging if configure makes a mistake.

It was created by sstmacro configure 12.1.0, which was
generated by GNU Autoconf 2.69.  Invocation command line was

  $ ../configure --prefix=/home/xianwei/local/sstmacro/ --enable-mpiparallel

## --------- ##
## Platform. ##
## --------- ##

hostname = shasta
uname -m = x86_64
uname -r = 5.15.0-69-generic
uname -s = Linux
uname -v = #76~20.04.1-Ubuntu SMP Mon Mar 20 15:54:19 UTC 2023

/usr/bin/uname -p = x86_64
/bin/uname -X     = unknown

/bin/arch              = x86_64
/usr/bin/arch -k       = unknown
/usr/convex/getsysinfo = unknown
/usr/bin/hostinfo      = unknown
/bin/machine           = unknown
/usr/bin/oslevel       = unknown
/bin/universe          = unknown

PATH: /home/xianwei/.local/bin
PATH: /home/xianwei/local/bin
PATH: /home/xianwei/local/sstcore/bin
PATH: /home/xianwei/local/cuda-9.2/bin
PATH: /home/xianwei/local/riscv-fs/riscv/bin
PATH: /home/xianwei/local/riscv-gnu-toolchain/bin
PATH: /home/xianwei/local/sstmacro/bin
PATH: /usr/local/sbin
PATH: /usr/local/bin
PATH: /usr/sbin
PATH: /usr/bin
PATH: /sbin
PATH: /bin
PATH: /usr/games
PATH: /usr/local/games
PATH: /snap/bin


## ----------- ##
## Core tests. ##
## ----------- ##

configure:3075: checking build system type
configure:3089: result: x86_64-pc-linux-gnu
configure:3109: checking host system type
configure:3122: result: x86_64-pc-linux-gnu
configure:3142: checking target system type
configure:3155: result: x86_64-pc-linux-gnu
configure:3243: checking for a BSD-compatible install
configure:3311: result: /usr/bin/install -c
configure:3322: checking whether build environment is sane
configure:3377: result: yes
configure:3526: checking for a thread-safe mkdir -p
configure:3565: result: /usr/bin/mkdir -p
configure:3572: checking for gawk
configure:3588: found /usr/bin/gawk
configure:3599: result: gawk
configure:3610: checking whether make sets $(MAKE)
configure:3632: result: yes
configure:3661: checking whether make supports nested variables
configure:3678: result: yes
configure:3757: checking how to create a pax tar archive
configure:3768: tar --version
tar (GNU tar) 1.30
Copyright (C) 2017 Free Software Foundation, Inc.
License GPLv3+: GNU GPL version 3 or later <https://gnu.org/licenses/gpl.html>.
This is free software: you are free to change and redistribute it.
There is NO WARRANTY, to the extent permitted by law.

Written by John Gilmore and Jay Fenlason.
configure:3771: $? = 0
configure:3811: tardir=conftest.dir && eval tar --format=posix -chf - "$tardir" >conftest.tar
configure:3814: $? = 0
configure:3818: tar -xf - <conftest.tar
configure:3821: $? = 0
configure:3823: cat conftest.dir/file
GrepMe
configure:3826: $? = 0
configure:3839: result: gnutar
configure:3893: checking whether make supports the include directive
configure:3908: make -f confmf.GNU && cat confinc.out
this is the am__doit target
configure:3911: $? = 0
configure:3930: result: yes (GNU style)
configure:4000: checking for gcc
configure:4016: found /home/xianwei/local/bin/gcc
configure:4027: result: gcc
configure:4256: checking for C compiler version
configure:4265: gcc --version >&5
gcc (Ubuntu 7.5.0-6ubuntu2) 7.5.0
Copyright (C) 2017 Free Software Foundation, Inc.
This is free software; see the source for copying conditions.  There is NO
warranty; not even for MERCHANTABILITY or FITNESS FOR A PARTICULAR PURPOSE.

configure:4276: $? = 0
configure:4265: gcc -v >&5
Using built-in specs.
COLLECT_GCC=gcc
COLLECT_LTO_WRAPPER=/usr/lib/gcc/x86_64-linux-gnu/7/lto-wrapper
OFFLOAD_TARGET_NAMES=nvptx-none
OFFLOAD_TARGET_DEFAULT=1
Target: x86_64-linux-gnu
Configured with: ../src/configure -v --with-pkgversion='Ubuntu 7.5.0-6ubuntu2' --with-bugurl=file:///usr/share/doc/gcc-7/README.Bugs --enable-languages=c,ada,c++,go,brig,d,fortran,objc,obj-c++ --prefix=/usr --with-gcc-major-version-only --program-suffix=-7 --program-prefix=x86_64-linux-gnu- --enable-shared --enable-linker-build-id --libexecdir=/usr/lib --without-included-gettext --enable-threads=posix --libdir=/usr/lib --enable-nls --enable-bootstrap --enable-clocale=gnu --enable-libstdcxx-debug --enable-libstdcxx-time=yes --with-default-libstdcxx-abi=new --enable-gnu-unique-object --disable-vtable-verify --enable-libmpx --enable-plugin --enable-default-pie --with-system-zlib --with-target-system-zlib --enable-objc-gc=auto --enable-multiarch --disable-werror --with-arch-32=i686 --with-abi=m64 --with-multilib-list=m32,m64,mx32 --enable-multilib --with-tune=generic --enable-offload-targets=nvptx-none --without-cuda-driver --enable-checking=release --build=x86_64-linux-gnu --host=x86_64-linux-gnu --target=x86_64-linux-gnu
Thread model: posix
gcc version 7.5.0 (Ubuntu 7.5.0-6ubuntu2) 
configure:4276: $? = 0
configure:4265: gcc -V >&5
gcc: error: unrecognized command line option '-V'
gcc: fatal error: no input files
compilation terminated.
configure:4276: $? = 1
configure:4265: gcc -qversion >&5
gcc: error: unrecognized command line option '-qversion'; did you mean '--version'?
gcc: fatal error: no input files
compilation terminated.
configure:4276: $? = 1
configure:4296: checking whether the C compiler works
configure:4318: gcc    conftest.c  >&5
conftest.c:14:0: warning: "VERSION" redefined
 #define VERSION "12.1.0"
 
conftest.c:10:0: note: this is the location of the previous definition
 #define VERSION 12
 
configure:4322: $? = 0
configure:4370: result: yes
configure:4373: checking for C compiler default output file name
configure:4375: result: a.out
configure:4381: checking for suffix of executables
configure:4388: gcc -o conftest    conftest.c  >&5
conftest.c:14:0: warning: "VERSION" redefined
 #define VERSION "12.1.0"
 
conftest.c:10:0: note: this is the location of the previous definition
 #define VERSION 12
 
configure:4392: $? = 0
configure:4414: result: 
configure:4436: checking whether we are cross compiling
configure:4444: gcc -o conftest    conftest.c  >&5
conftest.c:14:0: warning: "VERSION" redefined
 #define VERSION "12.1.0"
 
conftest.c:10:0: note: this is the location of the previous definition
 #define VERSION 12
 
configure:4448: $? = 0
configure:4455: ./conftest
configure:4459: $? = 0
configure:4447: result: no
configure:4452: checking for suffix of object files
configure:4474: gcc -c   conftest.c >&5
conftest.c:14:0: warning: "VERSION" redefined
 #define VERSION "12.1.0"
 
conftest.c:10:0: note: this is the location of the previous definition
 #define VERSION 12
 
configure:4478: $? = 0
configure:4499: result: o
configure:4503: checking whether we are using the GNU C compiler
configure:4522: gcc -c   conftest.c >&5
conftest.c:14:0: warning: "VERSION" redefined
 #define VERSION "12.1.0"
 
conftest.c:10:0: note: this is the location of the previous definition
 #define VERSION 12
 
configure:4522: $? = 0
configure:4531: result: yes
configure:4540: checking whether gcc accepts -g
configure:4560: gcc -c -g  conftest.c >&5
conftest.c:14:0: warning: "VERSION" redefined
 #define VERSION "12.1.0"
 
conftest.c:10:0: note: this is the location of the previous definition
 #define VERSION 12
 
configure:4560: $? = 0
configure: failed program was:
| /* confdefs.h */
| #define PACKAGE_NAME "sstmacro"
| #define PACKAGE_TARNAME "sstmacro"
| #define PACKAGE_VERSION "12.1.0"
| #define PACKAGE_STRING "sstmacro 12.1.0"
| #define PACKAGE_BUGREPORT "sst-macro-help@sandia.gov"
| #define PACKAGE_URL ""
| #define CONFIG_INSTALL_INCLUDE_PATH "/home/xianwei/local/sstmacro/include/sstmac/configurations"
| #define CONFIG_SRC_INCLUDE_PATH "/home/xianwei/new_source/sst-macro/configurations"
| #define VERSION 12
| #define SUBVERSION 1
| #define SUBSUBVERSION 0
| #define PACKAGE "sstmacro"
| #define VERSION "12.1.0"
| /* end confdefs.h.  */
| 
| int
| main ()
| {
| 
|   ;
|   return 0;
| }
configure:4575: gcc -c   conftest.c >&5
conftest.c:14:0: warning: "VERSION" redefined
 #define VERSION "12.1.0"
 
conftest.c:10:0: note: this is the location of the previous definition
 #define VERSION 12
 
configure:4575: $? = 0
configure: failed program was:
| /* confdefs.h */
| #define PACKAGE_NAME "sstmacro"
| #define PACKAGE_TARNAME "sstmacro"
| #define PACKAGE_VERSION "12.1.0"
| #define PACKAGE_STRING "sstmacro 12.1.0"
| #define PACKAGE_BUGREPORT "sst-macro-help@sandia.gov"
| #define PACKAGE_URL ""
| #define CONFIG_INSTALL_INCLUDE_PATH "/home/xianwei/local/sstmacro/include/sstmac/configurations"
| #define CONFIG_SRC_INCLUDE_PATH "/home/xianwei/new_source/sst-macro/configurations"
| #define VERSION 12
| #define SUBVERSION 1
| #define SUBSUBVERSION 0
| #define PACKAGE "sstmacro"
| #define VERSION "12.1.0"
| /* end confdefs.h.  */
| 
| int
| main ()
| {
| 
|   ;
|   return 0;
| }
configure:4591: gcc -c -g  conftest.c >&5
conftest.c:14:0: warning: "VERSION" redefined
 #define VERSION "12.1.0"
 
conftest.c:10:0: note: this is the location of the previous definition
 #define VERSION 12
 
configure:4591: $? = 0
configure:4601: result: yes
configure:4618: checking for gcc option to accept ISO C89
configure:4681: gcc  -c -g -O2  conftest.c >&5
conftest.c:14:0: warning: "VERSION" redefined
 #define VERSION "12.1.0"
 
conftest.c:10:0: note: this is the location of the previous definition
 #define VERSION 12
 
configure:4681: $? = 0
configure:4694: result: none needed
configure:4719: checking whether gcc understands -c and -o together
configure:4741: gcc -c conftest.c -o conftest2.o
conftest.c:14:0: warning: "VERSION" redefined
 #define VERSION "12.1.0"
 
conftest.c:10:0: note: this is the location of the previous definition
 #define VERSION 12
 
configure:4744: $? = 0
configure:4741: gcc -c conftest.c -o conftest2.o
conftest.c:14:0: warning: "VERSION" redefined
 #define VERSION "12.1.0"
 
conftest.c:10:0: note: this is the location of the previous definition
 #define VERSION 12
 
configure:4744: $? = 0
configure:4756: result: yes
configure:4775: checking dependency style of gcc
configure:4886: result: gcc3
configure:4910: checking dependency style of gcc
configure:5019: result: gcc3
configure:5084: checking for ar
configure:5100: found /usr/bin/ar
configure:5111: result: ar
configure:5137: checking the archiver (ar) interface
configure:5153: gcc -c -g -O2  conftest.c >&5
conftest.c:14:0: warning: "VERSION" redefined
 #define VERSION "12.1.0"
 
conftest.c:10:0: note: this is the location of the previous definition
 #define VERSION 12
 
configure:5153: $? = 0
configure:5155: ar cru libconftest.a conftest.o >&5
ar: `u' modifier ignored since `D' is the default (see `U')
configure:5158: $? = 0
configure:5157: result: ar
configure:5188: checking whether make supports nested variables
configure:5205: result: yes
configure:5292: checking for gcc
configure:5319: result: gcc
configure:5548: checking for C compiler version
configure:5557: gcc --version >&5
gcc (Ubuntu 7.5.0-6ubuntu2) 7.5.0
Copyright (C) 2017 Free Software Foundation, Inc.
This is free software; see the source for copying conditions.  There is NO
warranty; not even for MERCHANTABILITY or FITNESS FOR A PARTICULAR PURPOSE.

configure:5568: $? = 0
configure:5557: gcc -v >&5
Using built-in specs.
COLLECT_GCC=gcc
COLLECT_LTO_WRAPPER=/usr/lib/gcc/x86_64-linux-gnu/7/lto-wrapper
OFFLOAD_TARGET_NAMES=nvptx-none
OFFLOAD_TARGET_DEFAULT=1
Target: x86_64-linux-gnu
Configured with: ../src/configure -v --with-pkgversion='Ubuntu 7.5.0-6ubuntu2' --with-bugurl=file:///usr/share/doc/gcc-7/README.Bugs --enable-languages=c,ada,c++,go,brig,d,fortran,objc,obj-c++ --prefix=/usr --with-gcc-major-version-only --program-suffix=-7 --program-prefix=x86_64-linux-gnu- --enable-shared --enable-linker-build-id --libexecdir=/usr/lib --without-included-gettext --enable-threads=posix --libdir=/usr/lib --enable-nls --enable-bootstrap --enable-clocale=gnu --enable-libstdcxx-debug --enable-libstdcxx-time=yes --with-default-libstdcxx-abi=new --enable-gnu-unique-object --disable-vtable-verify --enable-libmpx --enable-plugin --enable-default-pie --with-system-zlib --with-target-system-zlib --enable-objc-gc=auto --enable-multiarch --disable-werror --with-arch-32=i686 --with-abi=m64 --with-multilib-list=m32,m64,mx32 --enable-multilib --with-tune=generic --enable-offload-targets=nvptx-none --without-cuda-driver --enable-checking=release --build=x86_64-linux-gnu --host=x86_64-linux-gnu --target=x86_64-linux-gnu
Thread model: posix
gcc version 7.5.0 (Ubuntu 7.5.0-6ubuntu2) 
configure:5568: $? = 0
configure:5557: gcc -V >&5
gcc: error: unrecognized command line option '-V'
gcc: fatal error: no input files
compilation terminated.
configure:5568: $? = 1
configure:5557: gcc -qversion >&5
gcc: error: unrecognized command line option '-qversion'; did you mean '--version'?
gcc: fatal error: no input files
compilation terminated.
configure:5568: $? = 1
configure:5572: checking whether we are using the GNU C compiler
configure:5600: result: yes
configure:5609: checking whether gcc accepts -g
configure:5670: result: yes
configure:5687: checking for gcc option to accept ISO C89
configure:5763: result: none needed
configure:5788: checking whether gcc understands -c and -o together
configure:5825: result: yes
configure:5844: checking dependency style of gcc
configure:5955: result: gcc3
configure:6028: checking for g++
configure:6044: found /home/xianwei/local/bin/g++
configure:6055: result: g++
configure:6082: checking for C++ compiler version
configure:6091: g++ --version >&5
g++ (Ubuntu 7.5.0-6ubuntu2) 7.5.0
Copyright (C) 2017 Free Software Foundation, Inc.
This is free software; see the source for copying conditions.  There is NO
warranty; not even for MERCHANTABILITY or FITNESS FOR A PARTICULAR PURPOSE.

configure:6102: $? = 0
configure:6091: g++ -v >&5
Using built-in specs.
COLLECT_GCC=g++
COLLECT_LTO_WRAPPER=/usr/lib/gcc/x86_64-linux-gnu/7/lto-wrapper
OFFLOAD_TARGET_NAMES=nvptx-none
OFFLOAD_TARGET_DEFAULT=1
Target: x86_64-linux-gnu
Configured with: ../src/configure -v --with-pkgversion='Ubuntu 7.5.0-6ubuntu2' --with-bugurl=file:///usr/share/doc/gcc-7/README.Bugs --enable-languages=c,ada,c++,go,brig,d,fortran,objc,obj-c++ --prefix=/usr --with-gcc-major-version-only --program-suffix=-7 --program-prefix=x86_64-linux-gnu- --enable-shared --enable-linker-build-id --libexecdir=/usr/lib --without-included-gettext --enable-threads=posix --libdir=/usr/lib --enable-nls --enable-bootstrap --enable-clocale=gnu --enable-libstdcxx-debug --enable-libstdcxx-time=yes --with-default-libstdcxx-abi=new --enable-gnu-unique-object --disable-vtable-verify --enable-libmpx --enable-plugin --enable-default-pie --with-system-zlib --with-target-system-zlib --enable-objc-gc=auto --enable-multiarch --disable-werror --with-arch-32=i686 --with-abi=m64 --with-multilib-list=m32,m64,mx32 --enable-multilib --with-tune=generic --enable-offload-targets=nvptx-none --without-cuda-driver --enable-checking=release --build=x86_64-linux-gnu --host=x86_64-linux-gnu --target=x86_64-linux-gnu
Thread model: posix
gcc version 7.5.0 (Ubuntu 7.5.0-6ubuntu2) 
configure:6102: $? = 0
configure:6091: g++ -V >&5
g++: error: unrecognized command line option '-V'
g++: fatal error: no input files
compilation terminated.
configure:6102: $? = 1
configure:6091: g++ -qversion >&5
g++: error: unrecognized command line option '-qversion'; did you mean '--version'?
g++: fatal error: no input files
compilation terminated.
configure:6102: $? = 1
configure:6106: checking whether we are using the GNU C++ compiler
configure:6125: g++ -c   conftest.cpp >&5
conftest.cpp:14:0: warning: "VERSION" redefined
 #define VERSION "12.1.0"
 
conftest.cpp:10:0: note: this is the location of the previous definition
 #define VERSION 12
 
configure:6125: $? = 0
configure:6134: result: yes
configure:6143: checking whether g++ accepts -g
configure:6163: g++ -c -g  conftest.cpp >&5
conftest.cpp:14:0: warning: "VERSION" redefined
 #define VERSION "12.1.0"
 
conftest.cpp:10:0: note: this is the location of the previous definition
 #define VERSION 12
 
configure:6163: $? = 0
configure: failed program was:
| /* confdefs.h */
| #define PACKAGE_NAME "sstmacro"
| #define PACKAGE_TARNAME "sstmacro"
| #define PACKAGE_VERSION "12.1.0"
| #define PACKAGE_STRING "sstmacro 12.1.0"
| #define PACKAGE_BUGREPORT "sst-macro-help@sandia.gov"
| #define PACKAGE_URL ""
| #define CONFIG_INSTALL_INCLUDE_PATH "/home/xianwei/local/sstmacro/include/sstmac/configurations"
| #define CONFIG_SRC_INCLUDE_PATH "/home/xianwei/new_source/sst-macro/configurations"
| #define VERSION 12
| #define SUBVERSION 1
| #define SUBSUBVERSION 0
| #define PACKAGE "sstmacro"
| #define VERSION "12.1.0"
| /* end confdefs.h.  */
| 
| int
| main ()
| {
| 
|   ;
|   return 0;
| }
configure:6178: g++ -c   conftest.cpp >&5
conftest.cpp:14:0: warning: "VERSION" redefined
 #define VERSION "12.1.0"
 
conftest.cpp:10:0: note: this is the location of the previous definition
 #define VERSION 12
 
configure:6178: $? = 0
configure: failed program was:
| /* confdefs.h */
| #define PACKAGE_NAME "sstmacro"
| #define PACKAGE_TARNAME "sstmacro"
| #define PACKAGE_VERSION "12.1.0"
| #define PACKAGE_STRING "sstmacro 12.1.0"
| #define PACKAGE_BUGREPORT "sst-macro-help@sandia.gov"
| #define PACKAGE_URL ""
| #define CONFIG_INSTALL_INCLUDE_PATH "/home/xianwei/local/sstmacro/include/sstmac/configurations"
| #define CONFIG_SRC_INCLUDE_PATH "/home/xianwei/new_source/sst-macro/configurations"
| #define VERSION 12
| #define SUBVERSION 1
| #define SUBSUBVERSION 0
| #define PACKAGE "sstmacro"
| #define VERSION "12.1.0"
| /* end confdefs.h.  */
| 
| int
| main ()
| {
| 
|   ;
|   return 0;
| }
configure:6194: g++ -c -g  conftest.cpp >&5
conftest.cpp:14:0: warning: "VERSION" redefined
 #define VERSION "12.1.0"
 
conftest.cpp:10:0: note: this is the location of the previous definition
 #define VERSION 12
 
configure:6194: $? = 0
configure:6204: result: yes
configure:6229: checking dependency style of g++
configure:6340: result: gcc3
configure:6408: checking for gfortran
configure:6424: found /usr/bin/gfortran
configure:6435: result: gfortran
configure:6461: checking for Fortran compiler version
configure:6470: gfortran --version >&5
GNU Fortran (Ubuntu 9.4.0-1ubuntu1~20.04.1) 9.4.0
Copyright (C) 2019 Free Software Foundation, Inc.
This is free software; see the source for copying conditions.  There is NO
warranty; not even for MERCHANTABILITY or FITNESS FOR A PARTICULAR PURPOSE.

configure:6481: $? = 0
configure:6470: gfortran -v >&5
Using built-in specs.
COLLECT_GCC=gfortran
COLLECT_LTO_WRAPPER=/usr/lib/gcc/x86_64-linux-gnu/9/lto-wrapper
OFFLOAD_TARGET_NAMES=nvptx-none:hsa
OFFLOAD_TARGET_DEFAULT=1
Target: x86_64-linux-gnu
Configured with: ../src/configure -v --with-pkgversion='Ubuntu 9.4.0-1ubuntu1~20.04.1' --with-bugurl=file:///usr/share/doc/gcc-9/README.Bugs --enable-languages=c,ada,c++,go,brig,d,fortran,objc,obj-c++,gm2 --prefix=/usr --with-gcc-major-version-only --program-suffix=-9 --program-prefix=x86_64-linux-gnu- --enable-shared --enable-linker-build-id --libexecdir=/usr/lib --without-included-gettext --enable-threads=posix --libdir=/usr/lib --enable-nls --enable-clocale=gnu --enable-libstdcxx-debug --enable-libstdcxx-time=yes --with-default-libstdcxx-abi=new --enable-gnu-unique-object --disable-vtable-verify --enable-plugin --enable-default-pie --with-system-zlib --with-target-system-zlib=auto --enable-objc-gc=auto --enable-multiarch --disable-werror --with-arch-32=i686 --with-abi=m64 --with-multilib-list=m32,m64,mx32 --enable-multilib --with-tune=generic --enable-offload-targets=nvptx-none=/build/gcc-9-Av3uEd/gcc-9-9.4.0/debian/tmp-nvptx/usr,hsa --without-cuda-driver --enable-checking=release --build=x86_64-linux-gnu --host=x86_64-linux-gnu --target=x86_64-linux-gnu
Thread model: posix
gcc version 9.4.0 (Ubuntu 9.4.0-1ubuntu1~20.04.1) 
configure:6481: $? = 0
configure:6470: gfortran -V >&5
gfortran: error: unrecognized command line option '-V'
gfortran: fatal error: no input files
compilation terminated.
configure:6481: $? = 1
configure:6470: gfortran -qversion >&5
gfortran: error: unrecognized command line option '-qversion'; did you mean '--version'?
gfortran: fatal error: no input files
compilation terminated.
configure:6481: $? = 1
configure:6490: checking whether we are using the GNU Fortran compiler
configure:6503: gfortran -c   conftest.F >&5
configure:6503: $? = 0
configure:6512: result: yes
configure:6518: checking whether gfortran accepts -g
configure:6529: gfortran -c -g  conftest.f >&5
configure:6529: $? = 0
configure:6537: result: yes
configure:6618: checking how to print strings
configure:6645: result: printf
configure:6666: checking for a sed that does not truncate output
configure:6730: result: /usr/bin/sed
configure:6748: checking for grep that handles long lines and -e
configure:6806: result: /usr/bin/grep
configure:6811: checking for egrep
configure:6873: result: /usr/bin/grep -E
configure:6878: checking for fgrep
configure:6940: result: /usr/bin/grep -F
configure:6975: checking for ld used by gcc
configure:7042: result: /usr/bin/ld
configure:7049: checking if the linker (/usr/bin/ld) is GNU ld
configure:7064: result: yes
configure:7076: checking for BSD- or MS-compatible name lister (nm)
configure:7130: result: /usr/bin/nm -B
configure:7260: checking the name lister (/usr/bin/nm -B) interface
configure:7267: g++ -c -g -O2  conftest.cpp >&5
configure:7270: /usr/bin/nm -B "conftest.o"
configure:7273: output
0000000000000000 B some_variable
configure:7274: result: BSD nm
configure:7277: checking whether ln -s works
configure:7281: result: yes
configure:7289: checking the maximum length of command line arguments
configure:7420: result: 1572864
configure:7468: checking how to convert x86_64-pc-linux-gnu file names to x86_64-pc-linux-gnu format
configure:7508: result: func_convert_file_noop
configure:7515: checking how to convert x86_64-pc-linux-gnu file names to toolchain format
configure:7535: result: func_convert_file_noop
configure:7542: checking for /usr/bin/ld option to reload object files
configure:7549: result: -r
configure:7623: checking for objdump
configure:7639: found /usr/bin/objdump
configure:7650: result: objdump
configure:7682: checking how to recognize dependent libraries
configure:7882: result: pass_all
configure:7967: checking for dlltool
configure:7997: result: no
configure:8027: checking how to associate runtime and link libraries
configure:8054: result: printf %s\n
configure:8179: checking for archiver @FILE support
configure:8196: g++ -c -g -O2  conftest.cpp >&5
conftest.cpp:14:0: warning: "VERSION" redefined
 #define VERSION "12.1.0"
 
conftest.cpp:10:0: note: this is the location of the previous definition
 #define VERSION 12
 
configure:8196: $? = 0
configure:8199: ar cr libconftest.a @conftest.lst >&5
configure:8202: $? = 0
configure:8207: ar cr libconftest.a @conftest.lst >&5
ar: conftest.o: No such file or directory
configure:8210: $? = 1
configure:8209: result: @
configure:8267: checking for strip
configure:8283: found /usr/bin/strip
configure:8294: result: strip
configure:8366: checking for ranlib
configure:8382: found /usr/bin/ranlib
configure:8393: result: ranlib
configure:8495: checking command to parse /usr/bin/nm -B output from gcc object
configure:8648: g++ -c -g -O2  conftest.cpp >&5
configure:8651: $? = 0
configure:8655: /usr/bin/nm -B conftest.o | sed -n -e 's/^.*[	 ]\([ABCDGIRSTW][ABCDGIRSTW]*\)[	 ][	 ]*\([_A-Za-z][_A-Za-z0-9]*\)$/\1 \2 \2/p' | sed '/ __gnu_lto/d' > conftest.nm
configure:8721: g++ -o conftest -g -O2   conftest.cpp conftstm.o >&5
configure:8724: $? = 0
configure:8762: result: ok
configure:8809: checking for sysroot
configure:8839: result: no
configure:8846: checking for a working dd
configure:8884: result: /usr/bin/dd
configure:8888: checking how to truncate binary pipes
configure:8903: result: /usr/bin/dd bs=4096 count=1
configure:9039: g++ -c -g -O2  conftest.cpp >&5
configure:9042: $? = 0
configure:9232: checking for mt
configure:9248: found /usr/bin/mt
configure:9259: result: mt
configure:9282: checking if mt is a manifest tool
configure:9288: mt '-?'
configure:9296: result: no
configure:9973: checking how to run the C preprocessor
configure:10004: gcc -E  conftest.c
conftest.c:14:0: warning: "VERSION" redefined
 #define VERSION "12.1.0"
 
conftest.c:10:0: note: this is the location of the previous definition
 #define VERSION 12
 
configure:10004: $? = 0
configure:10018: gcc -E  conftest.c
conftest.c:14:0: warning: "VERSION" redefined
 #define VERSION "12.1.0"
 
conftest.c:10:0: note: this is the location of the previous definition
 #define VERSION 12
 
conftest.c:16:10: fatal error: ac_nonexistent.h: No such file or directory
 #include <ac_nonexistent.h>
          ^~~~~~~~~~~~~~~~~~
compilation terminated.
configure:10018: $? = 1
configure: failed program was:
| /* confdefs.h */
| #define PACKAGE_NAME "sstmacro"
| #define PACKAGE_TARNAME "sstmacro"
| #define PACKAGE_VERSION "12.1.0"
| #define PACKAGE_STRING "sstmacro 12.1.0"
| #define PACKAGE_BUGREPORT "sst-macro-help@sandia.gov"
| #define PACKAGE_URL ""
| #define CONFIG_INSTALL_INCLUDE_PATH "/home/xianwei/local/sstmacro/include/sstmac/configurations"
| #define CONFIG_SRC_INCLUDE_PATH "/home/xianwei/new_source/sst-macro/configurations"
| #define VERSION 12
| #define SUBVERSION 1
| #define SUBSUBVERSION 0
| #define PACKAGE "sstmacro"
| #define VERSION "12.1.0"
| /* end confdefs.h.  */
| #include <ac_nonexistent.h>
configure:10043: result: gcc -E
configure:10063: gcc -E  conftest.c
conftest.c:14:0: warning: "VERSION" redefined
 #define VERSION "12.1.0"
 
conftest.c:10:0: note: this is the location of the previous definition
 #define VERSION 12
 
configure:10063: $? = 0
configure:10077: gcc -E  conftest.c
conftest.c:14:0: warning: "VERSION" redefined
 #define VERSION "12.1.0"
 
conftest.c:10:0: note: this is the location of the previous definition
 #define VERSION 12
 
conftest.c:16:10: fatal error: ac_nonexistent.h: No such file or directory
 #include <ac_nonexistent.h>
          ^~~~~~~~~~~~~~~~~~
compilation terminated.
configure:10077: $? = 1
configure: failed program was:
| /* confdefs.h */
| #define PACKAGE_NAME "sstmacro"
| #define PACKAGE_TARNAME "sstmacro"
| #define PACKAGE_VERSION "12.1.0"
| #define PACKAGE_STRING "sstmacro 12.1.0"
| #define PACKAGE_BUGREPORT "sst-macro-help@sandia.gov"
| #define PACKAGE_URL ""
| #define CONFIG_INSTALL_INCLUDE_PATH "/home/xianwei/local/sstmacro/include/sstmac/configurations"
| #define CONFIG_SRC_INCLUDE_PATH "/home/xianwei/new_source/sst-macro/configurations"
| #define VERSION 12
| #define SUBVERSION 1
| #define SUBSUBVERSION 0
| #define PACKAGE "sstmacro"
| #define VERSION "12.1.0"
| /* end confdefs.h.  */
| #include <ac_nonexistent.h>
configure:10106: checking for ANSI C header files
configure:10126: gcc -c -g -O2  conftest.c >&5
conftest.c:14:0: warning: "VERSION" redefined
 #define VERSION "12.1.0"
 
conftest.c:10:0: note: this is the location of the previous definition
 #define VERSION 12
 
configure:10126: $? = 0
conftest.c:14:0: warning: "VERSION" redefined
 #define VERSION "12.1.0"
 
conftest.c:10:0: note: this is the location of the previous definition
 #define VERSION 12
 
conftest.c:14:0: warning: "VERSION" redefined
 #define VERSION "12.1.0"
 
conftest.c:10:0: note: this is the location of the previous definition
 #define VERSION 12
 
configure:10199: gcc -o conftest -g -O2   conftest.c  >&5
conftest.c:14:0: warning: "VERSION" redefined
 #define VERSION "12.1.0"
 
conftest.c:10:0: note: this is the location of the previous definition
 #define VERSION 12
 
configure:10199: $? = 0
configure:10199: ./conftest
configure:10199: $? = 0
configure:10210: result: yes
configure:10223: checking for sys/types.h
configure:10223: gcc -c -g -O2  conftest.c >&5
conftest.c:14:0: warning: "VERSION" redefined
 #define VERSION "12.1.0"
 
conftest.c:10:0: note: this is the location of the previous definition
 #define VERSION 12
 
configure:10223: $? = 0
configure:10223: result: yes
configure:10223: checking for sys/stat.h
configure:10223: gcc -c -g -O2  conftest.c >&5
conftest.c:14:0: warning: "VERSION" redefined
 #define VERSION "12.1.0"
 
conftest.c:10:0: note: this is the location of the previous definition
 #define VERSION 12
 
configure:10223: $? = 0
configure:10223: result: yes
configure:10223: checking for stdlib.h
configure:10223: gcc -c -g -O2  conftest.c >&5
conftest.c:14:0: warning: "VERSION" redefined
 #define VERSION "12.1.0"
 
conftest.c:10:0: note: this is the location of the previous definition
 #define VERSION 12
 
configure:10223: $? = 0
configure:10223: result: yes
configure:10223: checking for string.h
configure:10223: gcc -c -g -O2  conftest.c >&5
conftest.c:14:0: warning: "VERSION" redefined
 #define VERSION "12.1.0"
 
conftest.c:10:0: note: this is the location of the previous definition
 #define VERSION 12
 
configure:10223: $? = 0
configure:10223: result: yes
configure:10223: checking for memory.h
configure:10223: gcc -c -g -O2  conftest.c >&5
conftest.c:14:0: warning: "VERSION" redefined
 #define VERSION "12.1.0"
 
conftest.c:10:0: note: this is the location of the previous definition
 #define VERSION 12
 
configure:10223: $? = 0
configure:10223: result: yes
configure:10223: checking for strings.h
configure:10223: gcc -c -g -O2  conftest.c >&5
conftest.c:14:0: warning: "VERSION" redefined
 #define VERSION "12.1.0"
 
conftest.c:10:0: note: this is the location of the previous definition
 #define VERSION 12
 
configure:10223: $? = 0
configure:10223: result: yes
configure:10223: checking for inttypes.h
configure:10223: gcc -c -g -O2  conftest.c >&5
conftest.c:14:0: warning: "VERSION" redefined
 #define VERSION "12.1.0"
 
conftest.c:10:0: note: this is the location of the previous definition
 #define VERSION 12
 
configure:10223: $? = 0
configure:10223: result: yes
configure:10223: checking for stdint.h
configure:10223: gcc -c -g -O2  conftest.c >&5
conftest.c:14:0: warning: "VERSION" redefined
 #define VERSION "12.1.0"
 
conftest.c:10:0: note: this is the location of the previous definition
 #define VERSION 12
 
configure:10223: $? = 0
configure:10223: result: yes
configure:10223: checking for unistd.h
configure:10223: gcc -c -g -O2  conftest.c >&5
conftest.c:14:0: warning: "VERSION" redefined
 #define VERSION "12.1.0"
 
conftest.c:10:0: note: this is the location of the previous definition
 #define VERSION 12
 
configure:10223: $? = 0
configure:10223: result: yes
configure:10237: checking for dlfcn.h
configure:10237: gcc -c -g -O2  conftest.c >&5
conftest.c:14:0: warning: "VERSION" redefined
 #define VERSION "12.1.0"
 
conftest.c:10:0: note: this is the location of the previous definition
 #define VERSION 12
 
configure:10237: $? = 0
configure:10237: result: yes
configure:10504: checking for objdir
configure:10519: result: .libs
configure:10783: checking if gcc supports -fno-rtti -fno-exceptions
configure:10801: gcc -c -g -O2  -fno-rtti -fno-exceptions conftest.c >&5
cc1: warning: command line option '-fno-rtti' is valid for C++/ObjC++ but not for C
configure:10805: $? = 0
configure:10818: result: no
configure:11182: checking for gcc option to produce PIC
configure:11189: result: -fPIC -DPIC
configure:11197: checking if gcc PIC flag -fPIC -DPIC works
configure:11215: gcc -c -g -O2  -fPIC -DPIC -DPIC conftest.c >&5
configure:11219: $? = 0
configure:11232: result: yes
configure:11261: checking if gcc static flag -static works
configure:11289: result: yes
configure:11304: checking if gcc supports -c -o file.o
configure:11325: gcc -c -g -O2  -o out/conftest2.o conftest.c >&5
configure:11329: $? = 0
configure:11351: result: yes
configure:11359: checking if gcc supports -c -o file.o
configure:11406: result: yes
configure:11439: checking whether the gcc linker (/usr/bin/ld -m elf_x86_64) supports shared libraries
configure:12702: result: yes
configure:12739: checking whether -lc should be explicitly linked in
configure:12747: gcc -c -g -O2  conftest.c >&5
configure:12750: $? = 0
configure:12765: gcc -shared  -fPIC -DPIC conftest.o  -v -Wl,-soname -Wl,conftest -o conftest 2\>\&1 \| /usr/bin/grep  -lc  \>/dev/null 2\>\&1
configure:12768: $? = 0
configure:12782: result: no
configure:12942: checking dynamic linker characteristics
configure:13523: gcc -o conftest -g -O2   -Wl,-rpath -Wl,/foo conftest.c  >&5
conftest.c:14:0: warning: "VERSION" redefined
 #define VERSION "12.1.0"
 
conftest.c:10:0: note: this is the location of the previous definition
 #define VERSION 12
 
configure:13523: $? = 0
configure:13772: result: GNU/Linux ld.so
configure:13894: checking how to hardcode library paths into programs
configure:13919: result: immediate
configure:14467: checking whether stripping libraries is possible
configure:14472: result: yes
configure:14507: checking if libtool supports shared libraries
configure:14509: result: yes
configure:14512: checking whether to build shared libraries
configure:14537: result: yes
configure:14540: checking whether to build static libraries
configure:14544: result: yes
configure:11343: checking how to run the C++ preprocessor
configure:11370: g++ -E  conftest.cpp
conftest.cpp:14:0: warning: "VERSION" redefined
 #define VERSION "12.1.0"
 
conftest.cpp:10:0: note: this is the location of the previous definition
 #define VERSION 12
 
configure:11370: $? = 0
configure:11384: g++ -E  conftest.cpp
conftest.cpp:14:0: warning: "VERSION" redefined
 #define VERSION "12.1.0"
 
conftest.cpp:10:0: note: this is the location of the previous definition
 #define VERSION 12
 
conftest.cpp:28:10: fatal error: ac_nonexistent.h: No such file or directory
 #include <ac_nonexistent.h>
          ^~~~~~~~~~~~~~~~~~
compilation terminated.
configure:11384: $? = 1
configure: failed program was:
| /* confdefs.h */
| #define PACKAGE_NAME "sstmacro"
| #define PACKAGE_TARNAME "sstmacro"
| #define PACKAGE_VERSION "12.1.0"
| #define PACKAGE_STRING "sstmacro 12.1.0"
| #define PACKAGE_BUGREPORT "sst-macro-help@sandia.gov"
| #define PACKAGE_URL ""
| #define CONFIG_INSTALL_INCLUDE_PATH "/home/xianwei/local/sstmacro/include/sstmac/configurations"
| #define CONFIG_SRC_INCLUDE_PATH "/home/xianwei/new_source/sst-macro/configurations"
| #define VERSION 12
| #define SUBVERSION 1
| #define SUBSUBVERSION 0
| #define PACKAGE "sstmacro"
| #define VERSION "12.1.0"
| #define STDC_HEADERS 1
| #define HAVE_SYS_TYPES_H 1
| #define HAVE_SYS_STAT_H 1
| #define HAVE_STDLIB_H 1
| #define HAVE_STRING_H 1
| #define HAVE_MEMORY_H 1
| #define HAVE_STRINGS_H 1
| #define HAVE_INTTYPES_H 1
| #define HAVE_STDINT_H 1
| #define HAVE_UNISTD_H 1
| #define HAVE_DLFCN_H 1
| #define LT_OBJDIR ".libs/"
| /* end confdefs.h.  */
| #include <ac_nonexistent.h>
configure:11409: result: g++ -E
configure:11429: g++ -E  conftest.cpp
conftest.cpp:14:0: warning: "VERSION" redefined
 #define VERSION "12.1.0"
 
conftest.cpp:10:0: note: this is the location of the previous definition
 #define VERSION 12
 
configure:11429: $? = 0
configure:11443: g++ -E  conftest.cpp
conftest.cpp:14:0: warning: "VERSION" redefined
 #define VERSION "12.1.0"
 
conftest.cpp:10:0: note: this is the location of the previous definition
 #define VERSION 12
 
conftest.cpp:28:10: fatal error: ac_nonexistent.h: No such file or directory
 #include <ac_nonexistent.h>
          ^~~~~~~~~~~~~~~~~~
compilation terminated.
configure:11443: $? = 1
configure: failed program was:
| /* confdefs.h */
| #define PACKAGE_NAME "sstmacro"
| #define PACKAGE_TARNAME "sstmacro"
| #define PACKAGE_VERSION "12.1.0"
| #define PACKAGE_STRING "sstmacro 12.1.0"
| #define PACKAGE_BUGREPORT "sst-macro-help@sandia.gov"
| #define PACKAGE_URL ""
| #define CONFIG_INSTALL_INCLUDE_PATH "/home/xianwei/local/sstmacro/include/sstmac/configurations"
| #define CONFIG_SRC_INCLUDE_PATH "/home/xianwei/new_source/sst-macro/configurations"
| #define VERSION 12
| #define SUBVERSION 1
| #define SUBSUBVERSION 0
| #define PACKAGE "sstmacro"
| #define VERSION "12.1.0"
| #define STDC_HEADERS 1
| #define HAVE_SYS_TYPES_H 1
| #define HAVE_SYS_STAT_H 1
| #define HAVE_STDLIB_H 1
| #define HAVE_STRING_H 1
| #define HAVE_MEMORY_H 1
| #define HAVE_STRINGS_H 1
| #define HAVE_INTTYPES_H 1
| #define HAVE_STDINT_H 1
| #define HAVE_UNISTD_H 1
| #define HAVE_DLFCN_H 1
| #define LT_OBJDIR ".libs/"
| /* end confdefs.h.  */
| #include <ac_nonexistent.h>
configure:11605: checking for ld used by g++
configure:11672: result: /usr/bin/ld -m elf_x86_64
configure:11679: checking if the linker (/usr/bin/ld -m elf_x86_64) is GNU ld
configure:11694: result: yes
configure:11749: checking whether the g++ linker (/usr/bin/ld -m elf_x86_64) supports shared libraries
configure:12822: result: yes
configure:12858: g++ -c -g -O2  conftest.cpp >&5
configure:12861: $? = 0
configure:13342: checking for g++ option to produce PIC
configure:13349: result: -fPIC -DPIC
configure:13357: checking if g++ PIC flag -fPIC -DPIC works
configure:13375: g++ -c -g -O2  -fPIC -DPIC -DPIC conftest.cpp >&5
configure:13379: $? = 0
configure:13392: result: yes
configure:13415: checking if g++ static flag -static works
configure:13443: result: yes
configure:13455: checking if g++ supports -c -o file.o
configure:13476: g++ -c -g -O2  -o out/conftest2.o conftest.cpp >&5
configure:13480: $? = 0
configure:13502: result: yes
configure:13507: checking if g++ supports -c -o file.o
configure:13554: result: yes
configure:13584: checking whether the g++ linker (/usr/bin/ld -m elf_x86_64) supports shared libraries
configure:13627: result: yes
configure:13768: checking dynamic linker characteristics
configure:14525: result: GNU/Linux ld.so
configure:14590: checking how to hardcode library paths into programs
configure:14615: result: immediate
configure:13592: checking if libtool supports shared libraries
configure:13594: result: yes
configure:13597: checking whether to build shared libraries
configure:13621: result: yes
configure:13624: checking whether to build static libraries
configure:13628: result: yes
configure:13662: gfortran -c -g -O2  conftest.f >&5
configure:13665: $? = 0
configure:14131: checking for gfortran option to produce PIC
configure:14138: result: -fPIC
configure:14146: checking if gfortran PIC flag -fPIC works
configure:14164: gfortran -c -g -O2 -fPIC  conftest.f >&5
configure:14168: $? = 0
configure:14181: result: yes
configure:14204: checking if gfortran static flag -static works
configure:14232: result: yes
configure:14244: checking if gfortran supports -c -o file.o
configure:14265: gfortran -c -g -O2 -o out/conftest2.o  conftest.f >&5
configure:14269: $? = 0
configure:14291: result: yes
configure:14296: checking if gfortran supports -c -o file.o
configure:14343: result: yes
configure:14373: checking whether the gfortran linker (/usr/bin/ld -m elf_x86_64) supports shared libraries
configure:15586: result: yes
configure:15727: checking dynamic linker characteristics
configure:16478: result: GNU/Linux ld.so
configure:16543: checking how to hardcode library paths into programs
configure:16568: result: immediate
configure:14297: checking whether ln -s works
configure:14301: result: yes
configure:14335: checking map usability
configure:14335: g++ -c -g -O2  conftest.cpp >&5
conftest.cpp:14:0: warning: "VERSION" redefined
 #define VERSION "12.1.0"
 
conftest.cpp:10:0: note: this is the location of the previous definition
 #define VERSION 12
 
configure:14335: $? = 0
configure:14335: result: yes
configure:14335: checking map presence
configure:14335: g++ -E  conftest.cpp
conftest.cpp:14:0: warning: "VERSION" redefined
 #define VERSION "12.1.0"
 
conftest.cpp:10:0: note: this is the location of the previous definition
 #define VERSION 12
 
configure:14335: $? = 0
configure:14335: result: yes
configure:14335: checking for map
configure:14335: result: yes
configure:14549: checking for python3-config
configure:14567: found /usr/bin/python3-config
configure:14579: result: /usr/bin/python3-config
configure:14646: checking for valid Python
configure:14648: result: /usr
configure:14663: checking for python3
configure:14681: found /usr/bin/python3
configure:14693: result: /usr/bin/python3
configure:14746: checking for dlopen in -ldl
configure:14771: gcc -o conftest -g -O2   -Wl,--no-as-needed conftest.c -ldl   >&5
conftest.c:14:0: warning: "VERSION" redefined
 #define VERSION "12.1.0"
 
conftest.c:10:0: note: this is the location of the previous definition
 #define VERSION 12
 
configure:14771: $? = 0
configure:14780: result: yes
configure:14796: checking for dlfcn.h
configure:14796: result: yes
configure:14891: checking Clang flags
configure:14894: result: no
configure:14925: checking GCC flags
configure:14928: result: no
configure:14956: checking default include paths for g++
configure:14961: result: /usr/include/c++/7:/usr/include/x86_64-linux-gnu/c++/7:/usr/include/c++/7/backward:/usr/lib/gcc/x86_64-linux-gnu/7/include:/usr/local/include:/usr/include/x86_64-linux-gnu:/usr/include
configure:14968: checking mpi.h usability
configure:14968: g++ -c -g -O2  conftest.cpp >&5
conftest.cpp:14:0: warning: "VERSION" redefined
 #define VERSION "12.1.0"
 
conftest.cpp:10:0: note: this is the location of the previous definition
 #define VERSION 12
 
conftest.cpp:64:10: fatal error: mpi.h: No such file or directory
 #include <mpi.h>
          ^~~~~~~
compilation terminated.
configure:14968: $? = 1
configure: failed program was:
| /* confdefs.h */
| #define PACKAGE_NAME "sstmacro"
| #define PACKAGE_TARNAME "sstmacro"
| #define PACKAGE_VERSION "12.1.0"
| #define PACKAGE_STRING "sstmacro 12.1.0"
| #define PACKAGE_BUGREPORT "sst-macro-help@sandia.gov"
| #define PACKAGE_URL ""
| #define CONFIG_INSTALL_INCLUDE_PATH "/home/xianwei/local/sstmacro/include/sstmac/configurations"
| #define CONFIG_SRC_INCLUDE_PATH "/home/xianwei/new_source/sst-macro/configurations"
| #define VERSION 12
| #define SUBVERSION 1
| #define SUBSUBVERSION 0
| #define PACKAGE "sstmacro"
| #define VERSION "12.1.0"
| #define STDC_HEADERS 1
| #define HAVE_SYS_TYPES_H 1
| #define HAVE_SYS_STAT_H 1
| #define HAVE_STDLIB_H 1
| #define HAVE_STRING_H 1
| #define HAVE_MEMORY_H 1
| #define HAVE_STRINGS_H 1
| #define HAVE_INTTYPES_H 1
| #define HAVE_STDINT_H 1
| #define HAVE_UNISTD_H 1
| #define HAVE_DLFCN_H 1
| #define LT_OBJDIR ".libs/"
| #define INTEGRATED_SST_CORE 0
| #define HAVE_LIBDL 1
| #define HAVE_DLFCN_H 1
| /* end confdefs.h.  */
| #include <stdio.h>
| #ifdef HAVE_SYS_TYPES_H
| # include <sys/types.h>
| #endif
| #ifdef HAVE_SYS_STAT_H
| # include <sys/stat.h>
| #endif
| #ifdef STDC_HEADERS
| # include <stdlib.h>
| # include <stddef.h>
| #else
| # ifdef HAVE_STDLIB_H
| #  include <stdlib.h>
| # endif
| #endif
| #ifdef HAVE_STRING_H
| # if !defined STDC_HEADERS && defined HAVE_MEMORY_H
| #  include <memory.h>
| # endif
| # include <string.h>
| #endif
| #ifdef HAVE_STRINGS_H
| # include <strings.h>
| #endif
| #ifdef HAVE_INTTYPES_H
| # include <inttypes.h>
| #endif
| #ifdef HAVE_STDINT_H
| # include <stdint.h>
| #endif
| #ifdef HAVE_UNISTD_H
| # include <unistd.h>
| #endif
| #include <mpi.h>
configure:14968: result: no
configure:14968: checking mpi.h presence
configure:14968: g++ -E  conftest.cpp
conftest.cpp:14:0: warning: "VERSION" redefined
 #define VERSION "12.1.0"
 
conftest.cpp:10:0: note: this is the location of the previous definition
 #define VERSION 12
 
conftest.cpp:31:10: fatal error: mpi.h: No such file or directory
 #include <mpi.h>
          ^~~~~~~
compilation terminated.
configure:14968: $? = 1
configure: failed program was:
| /* confdefs.h */
| #define PACKAGE_NAME "sstmacro"
| #define PACKAGE_TARNAME "sstmacro"
| #define PACKAGE_VERSION "12.1.0"
| #define PACKAGE_STRING "sstmacro 12.1.0"
| #define PACKAGE_BUGREPORT "sst-macro-help@sandia.gov"
| #define PACKAGE_URL ""
| #define CONFIG_INSTALL_INCLUDE_PATH "/home/xianwei/local/sstmacro/include/sstmac/configurations"
| #define CONFIG_SRC_INCLUDE_PATH "/home/xianwei/new_source/sst-macro/configurations"
| #define VERSION 12
| #define SUBVERSION 1
| #define SUBSUBVERSION 0
| #define PACKAGE "sstmacro"
| #define VERSION "12.1.0"
| #define STDC_HEADERS 1
| #define HAVE_SYS_TYPES_H 1
| #define HAVE_SYS_STAT_H 1
| #define HAVE_STDLIB_H 1
| #define HAVE_STRING_H 1
| #define HAVE_MEMORY_H 1
| #define HAVE_STRINGS_H 1
| #define HAVE_INTTYPES_H 1
| #define HAVE_STDINT_H 1
| #define HAVE_UNISTD_H 1
| #define HAVE_DLFCN_H 1
| #define LT_OBJDIR ".libs/"
| #define INTEGRATED_SST_CORE 0
| #define HAVE_LIBDL 1
| #define HAVE_DLFCN_H 1
| /* end confdefs.h.  */
| #include <mpi.h>
configure:14968: result: no
configure:14968: checking for mpi.h
configure:14968: result: no
configure:15021: g++ -c -g -O2 -std=c++11  conftest.cpp >&5
conftest.cpp:14:0: warning: "VERSION" redefined
 #define VERSION "12.1.0"
 
conftest.cpp:10:0: note: this is the location of the previous definition
 #define VERSION 12
 
configure:15021: $? = 0
configure:15462: g++ -o conftest -g -O2   -Wl,--no-as-needed conftest.cpp -ldl  >&5
conftest.cpp:14:0: warning: "VERSION" redefined
 #define VERSION "12.1.0"
 
conftest.cpp:10:0: note: this is the location of the previous definition
 #define VERSION 12
 
configure:15462: $? = 0
configure:15464: checking whether ucontext.h is present and usable
configure:15466: result: yes
configure:15532: checking pth.h usability
configure:15532: g++ -c -g -O2  conftest.cpp >&5
conftest.cpp:14:0: warning: "VERSION" redefined
 #define VERSION "12.1.0"
 
conftest.cpp:10:0: note: this is the location of the previous definition
 #define VERSION 12
 
conftest.cpp:70:10: fatal error: pth.h: No such file or directory
 #include <pth.h>
          ^~~~~~~
compilation terminated.
configure:15532: $? = 1
configure: failed program was:
| /* confdefs.h */
| #define PACKAGE_NAME "sstmacro"
| #define PACKAGE_TARNAME "sstmacro"
| #define PACKAGE_VERSION "12.1.0"
| #define PACKAGE_STRING "sstmacro 12.1.0"
| #define PACKAGE_BUGREPORT "sst-macro-help@sandia.gov"
| #define PACKAGE_URL ""
| #define CONFIG_INSTALL_INCLUDE_PATH "/home/xianwei/local/sstmacro/include/sstmac/configurations"
| #define CONFIG_SRC_INCLUDE_PATH "/home/xianwei/new_source/sst-macro/configurations"
| #define VERSION 12
| #define SUBVERSION 1
| #define SUBSUBVERSION 0
| #define PACKAGE "sstmacro"
| #define VERSION "12.1.0"
| #define STDC_HEADERS 1
| #define HAVE_SYS_TYPES_H 1
| #define HAVE_SYS_STAT_H 1
| #define HAVE_STDLIB_H 1
| #define HAVE_STRING_H 1
| #define HAVE_MEMORY_H 1
| #define HAVE_STRINGS_H 1
| #define HAVE_INTTYPES_H 1
| #define HAVE_STDINT_H 1
| #define HAVE_UNISTD_H 1
| #define HAVE_DLFCN_H 1
| #define LT_OBJDIR ".libs/"
| #define INTEGRATED_SST_CORE 0
| #define HAVE_LIBDL 1
| #define HAVE_DLFCN_H 1
| #define HAVE_VALID_MPI 0
| #define DEFAULT_ENV_STRING "serial"
| #define DEFAULT_RUNTIME_STRING "serial"
| #define DEFAULT_PARTITION_STRING "serial"
| #define DEFAULT_EVENT_MANAGER_STRING "map"
| #define HAVE_UCONTEXT 1
| /* end confdefs.h.  */
| #include <stdio.h>
| #ifdef HAVE_SYS_TYPES_H
| # include <sys/types.h>
| #endif
| #ifdef HAVE_SYS_STAT_H
| # include <sys/stat.h>
| #endif
| #ifdef STDC_HEADERS
| # include <stdlib.h>
| # include <stddef.h>
| #else
| # ifdef HAVE_STDLIB_H
| #  include <stdlib.h>
| # endif
| #endif
| #ifdef HAVE_STRING_H
| # if !defined STDC_HEADERS && defined HAVE_MEMORY_H
| #  include <memory.h>
| # endif
| # include <string.h>
| #endif
| #ifdef HAVE_STRINGS_H
| # include <strings.h>
| #endif
| #ifdef HAVE_INTTYPES_H
| # include <inttypes.h>
| #endif
| #ifdef HAVE_STDINT_H
| # include <stdint.h>
| #endif
| #ifdef HAVE_UNISTD_H
| # include <unistd.h>
| #endif
| #include <pth.h>
configure:15532: result: no
configure:15532: checking pth.h presence
configure:15532: g++ -E  conftest.cpp
conftest.cpp:14:0: warning: "VERSION" redefined
 #define VERSION "12.1.0"
 
conftest.cpp:10:0: note: this is the location of the previous definition
 #define VERSION 12
 
conftest.cpp:37:10: fatal error: pth.h: No such file or directory
 #include <pth.h>
          ^~~~~~~
compilation terminated.
configure:15532: $? = 1
configure: failed program was:
| /* confdefs.h */
| #define PACKAGE_NAME "sstmacro"
| #define PACKAGE_TARNAME "sstmacro"
| #define PACKAGE_VERSION "12.1.0"
| #define PACKAGE_STRING "sstmacro 12.1.0"
| #define PACKAGE_BUGREPORT "sst-macro-help@sandia.gov"
| #define PACKAGE_URL ""
| #define CONFIG_INSTALL_INCLUDE_PATH "/home/xianwei/local/sstmacro/include/sstmac/configurations"
| #define CONFIG_SRC_INCLUDE_PATH "/home/xianwei/new_source/sst-macro/configurations"
| #define VERSION 12
| #define SUBVERSION 1
| #define SUBSUBVERSION 0
| #define PACKAGE "sstmacro"
| #define VERSION "12.1.0"
| #define STDC_HEADERS 1
| #define HAVE_SYS_TYPES_H 1
| #define HAVE_SYS_STAT_H 1
| #define HAVE_STDLIB_H 1
| #define HAVE_STRING_H 1
| #define HAVE_MEMORY_H 1
| #define HAVE_STRINGS_H 1
| #define HAVE_INTTYPES_H 1
| #define HAVE_STDINT_H 1
| #define HAVE_UNISTD_H 1
| #define HAVE_DLFCN_H 1
| #define LT_OBJDIR ".libs/"
| #define INTEGRATED_SST_CORE 0
| #define HAVE_LIBDL 1
| #define HAVE_DLFCN_H 1
| #define HAVE_VALID_MPI 0
| #define DEFAULT_ENV_STRING "serial"
| #define DEFAULT_RUNTIME_STRING "serial"
| #define DEFAULT_PARTITION_STRING "serial"
| #define DEFAULT_EVENT_MANAGER_STRING "map"
| #define HAVE_UCONTEXT 1
| /* end confdefs.h.  */
| #include <pth.h>
configure:15532: result: no
configure:15532: checking for pth.h
configure:15532: result: no
configure:15550: checking for pth_uctx_switch in -lpth
configure:15575: g++ -o conftest -g -O2   -Wl,--no-as-needed conftest.cpp -lpth  -ldl  >&5
conftest.cpp:14:0: warning: "VERSION" redefined
 #define VERSION "12.1.0"
 
conftest.cpp:10:0: note: this is the location of the previous definition
 #define VERSION 12
 
/usr/bin/ld: cannot find -lpth
collect2: error: ld returned 1 exit status
configure:15575: $? = 1
configure: failed program was:
| /* confdefs.h */
| #define PACKAGE_NAME "sstmacro"
| #define PACKAGE_TARNAME "sstmacro"
| #define PACKAGE_VERSION "12.1.0"
| #define PACKAGE_STRING "sstmacro 12.1.0"
| #define PACKAGE_BUGREPORT "sst-macro-help@sandia.gov"
| #define PACKAGE_URL ""
| #define CONFIG_INSTALL_INCLUDE_PATH "/home/xianwei/local/sstmacro/include/sstmac/configurations"
| #define CONFIG_SRC_INCLUDE_PATH "/home/xianwei/new_source/sst-macro/configurations"
| #define VERSION 12
| #define SUBVERSION 1
| #define SUBSUBVERSION 0
| #define PACKAGE "sstmacro"
| #define VERSION "12.1.0"
| #define STDC_HEADERS 1
| #define HAVE_SYS_TYPES_H 1
| #define HAVE_SYS_STAT_H 1
| #define HAVE_STDLIB_H 1
| #define HAVE_STRING_H 1
| #define HAVE_MEMORY_H 1
| #define HAVE_STRINGS_H 1
| #define HAVE_INTTYPES_H 1
| #define HAVE_STDINT_H 1
| #define HAVE_UNISTD_H 1
| #define HAVE_DLFCN_H 1
| #define LT_OBJDIR ".libs/"
| #define INTEGRATED_SST_CORE 0
| #define HAVE_LIBDL 1
| #define HAVE_DLFCN_H 1
| #define HAVE_VALID_MPI 0
| #define DEFAULT_ENV_STRING "serial"
| #define DEFAULT_RUNTIME_STRING "serial"
| #define DEFAULT_PARTITION_STRING "serial"
| #define DEFAULT_EVENT_MANAGER_STRING "map"
| #define HAVE_UCONTEXT 1
| /* end confdefs.h.  */
| 
| /* Override any GCC internal prototype to avoid an error.
|    Use char because int might match the return type of a GCC
|    builtin and then its argument prototype would still apply.  */
| #ifdef __cplusplus
| extern "C"
| #endif
| char pth_uctx_switch ();
| int
| main ()
| {
| return pth_uctx_switch ();
|   ;
|   return 0;
| }
configure:15584: result: no
configure:15655: g++ -o conftest -g -O2   -Wl,--no-as-needed conftest.cpp -ldl  >&5
conftest.cpp:14:0: warning: "VERSION" redefined
 #define VERSION "12.1.0"
 
conftest.cpp:10:0: note: this is the location of the previous definition
 #define VERSION 12
 
conftest.cpp: In function 'int main()':
conftest.cpp:44:25: warning: null argument where non-null required (argument 1) [-Wnonnull]
   pthread_create(0,0,0,0);
                         ^
conftest.cpp:44:25: warning: null argument where non-null required (argument 3) [-Wnonnull]
/usr/bin/ld: /tmp/ccryPE3Z.o: in function `main':
/home/xianwei/new_source/sst-macro/build/conftest.cpp:44: undefined reference to `pthread_create'
/usr/bin/ld: /home/xianwei/new_source/sst-macro/build/conftest.cpp:45: undefined reference to `pthread_join'
collect2: error: ld returned 1 exit status
configure:15655: $? = 1
configure: failed program was:
| /* confdefs.h */
| #define PACKAGE_NAME "sstmacro"
| #define PACKAGE_TARNAME "sstmacro"
| #define PACKAGE_VERSION "12.1.0"
| #define PACKAGE_STRING "sstmacro 12.1.0"
| #define PACKAGE_BUGREPORT "sst-macro-help@sandia.gov"
| #define PACKAGE_URL ""
| #define CONFIG_INSTALL_INCLUDE_PATH "/home/xianwei/local/sstmacro/include/sstmac/configurations"
| #define CONFIG_SRC_INCLUDE_PATH "/home/xianwei/new_source/sst-macro/configurations"
| #define VERSION 12
| #define SUBVERSION 1
| #define SUBSUBVERSION 0
| #define PACKAGE "sstmacro"
| #define VERSION "12.1.0"
| #define STDC_HEADERS 1
| #define HAVE_SYS_TYPES_H 1
| #define HAVE_SYS_STAT_H 1
| #define HAVE_STDLIB_H 1
| #define HAVE_STRING_H 1
| #define HAVE_MEMORY_H 1
| #define HAVE_STRINGS_H 1
| #define HAVE_INTTYPES_H 1
| #define HAVE_STDINT_H 1
| #define HAVE_UNISTD_H 1
| #define HAVE_DLFCN_H 1
| #define LT_OBJDIR ".libs/"
| #define INTEGRATED_SST_CORE 0
| #define HAVE_LIBDL 1
| #define HAVE_DLFCN_H 1
| #define HAVE_VALID_MPI 0
| #define DEFAULT_ENV_STRING "serial"
| #define DEFAULT_RUNTIME_STRING "serial"
| #define DEFAULT_PARTITION_STRING "serial"
| #define DEFAULT_EVENT_MANAGER_STRING "map"
| #define HAVE_UCONTEXT 1
| /* end confdefs.h.  */
| 
|   #include <pthread.h>
| 
| int
| main ()
| {
| 
|   pthread_create(0,0,0,0);
|   pthread_join(0,0);
| 
|   ;
|   return 0;
| }
configure:15665: checking whether pthreads is automatically usable
configure:15667: result: no
configure:15694: g++ -o conftest -g -O2   -Wl,--no-as-needed conftest.cpp -ldl  -lpthread >&5
conftest.cpp:14:0: warning: "VERSION" redefined
 #define VERSION "12.1.0"
 
conftest.cpp:10:0: note: this is the location of the previous definition
 #define VERSION 12
 
conftest.cpp: In function 'int main()':
conftest.cpp:44:27: warning: null argument where non-null required (argument 1) [-Wnonnull]
     pthread_create(0,0,0,0);
                           ^
conftest.cpp:44:27: warning: null argument where non-null required (argument 3) [-Wnonnull]
configure:15694: $? = 0
configure:15696: result: yes
configure:15920: checking whether building from repo
configure:15942: result: "master"
configure:15996: checking otf2/otf2.h usability
configure:15996: g++ -c -g -O2  conftest.cpp >&5
conftest.cpp:14:0: warning: "VERSION" redefined
 #define VERSION "12.1.0"
 
conftest.cpp:10:0: note: this is the location of the previous definition
 #define VERSION 12
 
conftest.cpp:74:10: fatal error: otf2/otf2.h: No such file or directory
 #include <otf2/otf2.h>
          ^~~~~~~~~~~~~
compilation terminated.
configure:15996: $? = 1
configure: failed program was:
| /* confdefs.h */
| #define PACKAGE_NAME "sstmacro"
| #define PACKAGE_TARNAME "sstmacro"
| #define PACKAGE_VERSION "12.1.0"
| #define PACKAGE_STRING "sstmacro 12.1.0"
| #define PACKAGE_BUGREPORT "sst-macro-help@sandia.gov"
| #define PACKAGE_URL ""
| #define CONFIG_INSTALL_INCLUDE_PATH "/home/xianwei/local/sstmacro/include/sstmac/configurations"
| #define CONFIG_SRC_INCLUDE_PATH "/home/xianwei/new_source/sst-macro/configurations"
| #define VERSION 12
| #define SUBVERSION 1
| #define SUBSUBVERSION 0
| #define PACKAGE "sstmacro"
| #define VERSION "12.1.0"
| #define STDC_HEADERS 1
| #define HAVE_SYS_TYPES_H 1
| #define HAVE_SYS_STAT_H 1
| #define HAVE_STDLIB_H 1
| #define HAVE_STRING_H 1
| #define HAVE_MEMORY_H 1
| #define HAVE_STRINGS_H 1
| #define HAVE_INTTYPES_H 1
| #define HAVE_STDINT_H 1
| #define HAVE_UNISTD_H 1
| #define HAVE_DLFCN_H 1
| #define LT_OBJDIR ".libs/"
| #define INTEGRATED_SST_CORE 0
| #define HAVE_LIBDL 1
| #define HAVE_DLFCN_H 1
| #define HAVE_VALID_MPI 0
| #define DEFAULT_ENV_STRING "serial"
| #define DEFAULT_RUNTIME_STRING "serial"
| #define DEFAULT_PARTITION_STRING "serial"
| #define DEFAULT_EVENT_MANAGER_STRING "map"
| #define HAVE_UCONTEXT 1
| #define HAVE_PTHREAD 1
| #define HAVE_EVENT_CALENDAR 0
| #define SANITY_CHECK 0
| #define REPO_BUILD 1
| /* end confdefs.h.  */
| #include <stdio.h>
| #ifdef HAVE_SYS_TYPES_H
| # include <sys/types.h>
| #endif
| #ifdef HAVE_SYS_STAT_H
| # include <sys/stat.h>
| #endif
| #ifdef STDC_HEADERS
| # include <stdlib.h>
| # include <stddef.h>
| #else
| # ifdef HAVE_STDLIB_H
| #  include <stdlib.h>
| # endif
| #endif
| #ifdef HAVE_STRING_H
| # if !defined STDC_HEADERS && defined HAVE_MEMORY_H
| #  include <memory.h>
| # endif
| # include <string.h>
| #endif
| #ifdef HAVE_STRINGS_H
| # include <strings.h>
| #endif
| #ifdef HAVE_INTTYPES_H
| # include <inttypes.h>
| #endif
| #ifdef HAVE_STDINT_H
| # include <stdint.h>
| #endif
| #ifdef HAVE_UNISTD_H
| # include <unistd.h>
| #endif
| #include <otf2/otf2.h>
configure:15996: result: no
configure:15996: checking otf2/otf2.h presence
configure:15996: g++ -E  conftest.cpp
conftest.cpp:14:0: warning: "VERSION" redefined
 #define VERSION "12.1.0"
 
conftest.cpp:10:0: note: this is the location of the previous definition
 #define VERSION 12
 
conftest.cpp:41:10: fatal error: otf2/otf2.h: No such file or directory
 #include <otf2/otf2.h>
          ^~~~~~~~~~~~~
compilation terminated.
configure:15996: $? = 1
configure: failed program was:
| /* confdefs.h */
| #define PACKAGE_NAME "sstmacro"
| #define PACKAGE_TARNAME "sstmacro"
| #define PACKAGE_VERSION "12.1.0"
| #define PACKAGE_STRING "sstmacro 12.1.0"
| #define PACKAGE_BUGREPORT "sst-macro-help@sandia.gov"
| #define PACKAGE_URL ""
| #define CONFIG_INSTALL_INCLUDE_PATH "/home/xianwei/local/sstmacro/include/sstmac/configurations"
| #define CONFIG_SRC_INCLUDE_PATH "/home/xianwei/new_source/sst-macro/configurations"
| #define VERSION 12
| #define SUBVERSION 1
| #define SUBSUBVERSION 0
| #define PACKAGE "sstmacro"
| #define VERSION "12.1.0"
| #define STDC_HEADERS 1
| #define HAVE_SYS_TYPES_H 1
| #define HAVE_SYS_STAT_H 1
| #define HAVE_STDLIB_H 1
| #define HAVE_STRING_H 1
| #define HAVE_MEMORY_H 1
| #define HAVE_STRINGS_H 1
| #define HAVE_INTTYPES_H 1
| #define HAVE_STDINT_H 1
| #define HAVE_UNISTD_H 1
| #define HAVE_DLFCN_H 1
| #define LT_OBJDIR ".libs/"
| #define INTEGRATED_SST_CORE 0
| #define HAVE_LIBDL 1
| #define HAVE_DLFCN_H 1
| #define HAVE_VALID_MPI 0
| #define DEFAULT_ENV_STRING "serial"
| #define DEFAULT_RUNTIME_STRING "serial"
| #define DEFAULT_PARTITION_STRING "serial"
| #define DEFAULT_EVENT_MANAGER_STRING "map"
| #define HAVE_UCONTEXT 1
| #define HAVE_PTHREAD 1
| #define HAVE_EVENT_CALENDAR 0
| #define SANITY_CHECK 0
| #define REPO_BUILD 1
| /* end confdefs.h.  */
| #include <otf2/otf2.h>
configure:15996: result: no
configure:15996: checking for otf2/otf2.h
configure:15996: result: no
configure:16162: checking whether pthread_setaffinity_np is usable
configure:16186: g++ -o conftest -g -O2   -Wl,--no-as-needed conftest.cpp -ldl  -lpthread >&5
conftest.cpp:14:0: warning: "VERSION" redefined
 #define VERSION "12.1.0"
 
conftest.cpp:10:0: note: this is the location of the previous definition
 #define VERSION 12
 
conftest.cpp:41:0: warning: "_GNU_SOURCE" redefined
 #define _GNU_SOURCE
 
<command-line>:0:0: note: this is the location of the previous definition
configure:16186: $? = 0
configure:16188: result: yes
configure:16234: checking execinfo.h usability
configure:16234: g++ -c -g -O2  conftest.cpp >&5
conftest.cpp:14:0: warning: "VERSION" redefined
 #define VERSION "12.1.0"
 
conftest.cpp:10:0: note: this is the location of the previous definition
 #define VERSION 12
 
configure:16234: $? = 0
configure:16234: result: yes
configure:16234: checking execinfo.h presence
configure:16234: g++ -E  conftest.cpp
conftest.cpp:14:0: warning: "VERSION" redefined
 #define VERSION "12.1.0"
 
conftest.cpp:10:0: note: this is the location of the previous definition
 #define VERSION 12
 
configure:16234: $? = 0
configure:16234: result: yes
configure:16234: checking for execinfo.h
configure:16234: result: yes
configure:16251: checking for dlfcn.h
configure:16251: result: yes
configure:16315: checking for dot
configure:16348: result: no
configure:16368: checking size of char
configure:16373: g++ -o conftest -g -O2   -Wl,--no-as-needed conftest.cpp -ldl -ldl  -lpthread >&5
conftest.cpp:14:0: warning: "VERSION" redefined
 #define VERSION "12.1.0"
 
conftest.cpp:10:0: note: this is the location of the previous definition
 #define VERSION 12
 
configure:16373: $? = 0
configure:16373: ./conftest
configure:16373: $? = 0
configure:16387: result: 1
configure:16401: checking size of unsigned char
configure:16406: g++ -o conftest -g -O2   -Wl,--no-as-needed conftest.cpp -ldl -ldl  -lpthread >&5
conftest.cpp:14:0: warning: "VERSION" redefined
 #define VERSION "12.1.0"
 
conftest.cpp:10:0: note: this is the location of the previous definition
 #define VERSION 12
 
configure:16406: $? = 0
configure:16406: ./conftest
configure:16406: $? = 0
configure:16420: result: 1
configure:16434: checking size of short
configure:16439: g++ -o conftest -g -O2   -Wl,--no-as-needed conftest.cpp -ldl -ldl  -lpthread >&5
conftest.cpp:14:0: warning: "VERSION" redefined
 #define VERSION "12.1.0"
 
conftest.cpp:10:0: note: this is the location of the previous definition
 #define VERSION 12
 
configure:16439: $? = 0
configure:16439: ./conftest
configure:16439: $? = 0
configure:16453: result: 2
configure:16467: checking size of unsigned short
configure:16472: g++ -o conftest -g -O2   -Wl,--no-as-needed conftest.cpp -ldl -ldl  -lpthread >&5
conftest.cpp:14:0: warning: "VERSION" redefined
 #define VERSION "12.1.0"
 
conftest.cpp:10:0: note: this is the location of the previous definition
 #define VERSION 12
 
configure:16472: $? = 0
configure:16472: ./conftest
configure:16472: $? = 0
configure:16486: result: 2
configure:16500: checking size of int
configure:16505: g++ -o conftest -g -O2   -Wl,--no-as-needed conftest.cpp -ldl -ldl  -lpthread >&5
conftest.cpp:14:0: warning: "VERSION" redefined
 #define VERSION "12.1.0"
 
conftest.cpp:10:0: note: this is the location of the previous definition
 #define VERSION 12
 
configure:16505: $? = 0
configure:16505: ./conftest
configure:16505: $? = 0
configure:16519: result: 4
configure:16533: checking size of unsigned int
configure:16538: g++ -o conftest -g -O2   -Wl,--no-as-needed conftest.cpp -ldl -ldl  -lpthread >&5
conftest.cpp:14:0: warning: "VERSION" redefined
 #define VERSION "12.1.0"
 
conftest.cpp:10:0: note: this is the location of the previous definition
 #define VERSION 12
 
configure:16538: $? = 0
configure:16538: ./conftest
configure:16538: $? = 0
configure:16552: result: 4
configure:16566: checking size of long
configure:16571: g++ -o conftest -g -O2   -Wl,--no-as-needed conftest.cpp -ldl -ldl  -lpthread >&5
conftest.cpp:14:0: warning: "VERSION" redefined
 #define VERSION "12.1.0"
 
conftest.cpp:10:0: note: this is the location of the previous definition
 #define VERSION 12
 
configure:16571: $? = 0
configure:16571: ./conftest
configure:16571: $? = 0
configure:16585: result: 8
configure:16599: checking size of unsigned long
configure:16604: g++ -o conftest -g -O2   -Wl,--no-as-needed conftest.cpp -ldl -ldl  -lpthread >&5
conftest.cpp:14:0: warning: "VERSION" redefined
 #define VERSION "12.1.0"
 
conftest.cpp:10:0: note: this is the location of the previous definition
 #define VERSION 12
 
configure:16604: $? = 0
configure:16604: ./conftest
configure:16604: $? = 0
configure:16618: result: 8
configure:16632: checking size of long long
configure:16637: g++ -o conftest -g -O2   -Wl,--no-as-needed conftest.cpp -ldl -ldl  -lpthread >&5
conftest.cpp:14:0: warning: "VERSION" redefined
 #define VERSION "12.1.0"
 
conftest.cpp:10:0: note: this is the location of the previous definition
 #define VERSION 12
 
configure:16637: $? = 0
configure:16637: ./conftest
configure:16637: $? = 0
configure:16651: result: 8
configure:16665: checking size of unsigned long long
configure:16670: g++ -o conftest -g -O2   -Wl,--no-as-needed conftest.cpp -ldl -ldl  -lpthread >&5
conftest.cpp:14:0: warning: "VERSION" redefined
 #define VERSION "12.1.0"
 
conftest.cpp:10:0: note: this is the location of the previous definition
 #define VERSION 12
 
configure:16670: $? = 0
configure:16670: ./conftest
configure:16670: $? = 0
configure:16684: result: 8
configure:16698: checking size of float
configure:16703: g++ -o conftest -g -O2   -Wl,--no-as-needed conftest.cpp -ldl -ldl  -lpthread >&5
conftest.cpp:14:0: warning: "VERSION" redefined
 #define VERSION "12.1.0"
 
conftest.cpp:10:0: note: this is the location of the previous definition
 #define VERSION 12
 
configure:16703: $? = 0
configure:16703: ./conftest
configure:16703: $? = 0
configure:16717: result: 4
configure:16731: checking size of double
configure:16736: g++ -o conftest -g -O2   -Wl,--no-as-needed conftest.cpp -ldl -ldl  -lpthread >&5
conftest.cpp:14:0: warning: "VERSION" redefined
 #define VERSION "12.1.0"
 
conftest.cpp:10:0: note: this is the location of the previous definition
 #define VERSION 12
 
configure:16736: $? = 0
configure:16736: ./conftest
configure:16736: $? = 0
configure:16750: result: 8
configure:16764: checking size of long double
configure:16769: g++ -o conftest -g -O2   -Wl,--no-as-needed conftest.cpp -ldl -ldl  -lpthread >&5
conftest.cpp:14:0: warning: "VERSION" redefined
 #define VERSION "12.1.0"
 
conftest.cpp:10:0: note: this is the location of the previous definition
 #define VERSION 12
 
configure:16769: $? = 0
configure:16769: ./conftest
configure:16769: $? = 0
configure:16783: result: 16
configure:16797: checking size of void *
configure:16802: g++ -o conftest -g -O2   -Wl,--no-as-needed conftest.cpp -ldl -ldl  -lpthread >&5
conftest.cpp:14:0: warning: "VERSION" redefined
 #define VERSION "12.1.0"
 
conftest.cpp:10:0: note: this is the location of the previous definition
 #define VERSION 12
 
configure:16802: $? = 0
configure:16802: ./conftest
configure:16802: $? = 0
configure:16816: result: 8
configure:16921: result: --enable-comm-sync-stats set - forcing --enable-comm-delay-stats
configure:17110: checking whether to use -Werror build
configure:17125: result: no
configure:17142: checking whether to use -Werror build
configure:17157: result: no
configure:17315: checking that generated files are newer than configure
configure:17321: result: done
configure:17568: creating ./config.status

## ---------------------- ##
## Running config.status. ##
## ---------------------- ##

This file was extended by sstmacro config.status 12.1.0, which was
generated by GNU Autoconf 2.69.  Invocation command line was

  CONFIG_FILES    = 
  CONFIG_HEADERS  = 
  CONFIG_LINKS    = 
  CONFIG_COMMANDS = 
  $ ./config.status 

on shasta

config.status:1406: creating sstmac/libraries/pthread/sstmac_sys_types.h
config.status:1406: creating sstmac/replacements/sstmac_pthread_clear.h
config.status:1406: creating Makefile
config.status:1406: creating sstmac/Makefile
config.status:1406: creating sstmac/install/Makefile
config.status:1406: creating sstmac/dumpi_util/Makefile
config.status:1406: creating sstmac/libraries/blas/Makefile
config.status:1406: creating sstmac/libraries/pthread/Makefile
config.status:1406: creating sstmac/libraries/omp/Makefile
config.status:1406: creating sstmac/libraries/machines/Makefile
config.status:1406: creating sstmac/libraries/Makefile
config.status:1406: creating sstmac/skeletons/Makefile
config.status:1406: creating sstmac/test_skeletons/Makefile
config.status:1406: creating sstmac/software/Makefile
config.status:1406: creating sstmac/hardware/Makefile
config.status:1406: creating sstmac/sst_core/Makefile
config.status:1406: creating sstmac/backends/Makefile
config.status:1406: creating sstmac/backends/common/Makefile
config.status:1406: creating sstmac/backends/native/Makefile
config.status:1406: creating sstmac/backends/mpi/Makefile
config.status:1406: creating sstmac/main/Makefile
config.status:1406: creating sstmac/common/Makefile
config.status:1406: creating sstmac/replacements/Makefile
config.status:1406: creating sstmac/clang_replacements/Makefile
config.status:1406: creating sprockit/Makefile
config.status:1406: creating sprockit/sprockit/Makefile
config.status:1406: creating sprockit/test/Makefile
config.status:1406: creating bin/Makefile
config.status:1406: creating include/Makefile
config.status:1406: creating python/Makefile
config.status:1406: creating configurations/Makefile
config.status:1406: creating tests/Makefile
config.status:1406: creating tests/external/Makefile
config.status:1406: creating tests/sumi/Makefile
config.status:1406: creating tests/api/mpi/Makefile
config.status:1406: creating tests/api/globals/Makefile
config.status:1406: creating docs/doxygen.cfg
config.status:1406: creating share/Makefile
config.status:1406: creating share/SSTMacroConfig.cmake
config.status:1406: creating sumi-mpi/Makefile
config.status:1406: creating sumi/Makefile
config.status:1406: creating bin/sstmacro-config
config.status:1406: creating bin/sst++
config.status:1406: creating bin/sstcc
config.status:1406: creating bin/sstccvars.py
config.status:1406: creating tests/runtest
config.status:1406: creating tests/noop
config.status:1406: creating tests/checktest
config.status:1406: creating tests/checkdiff
config.status:1406: creating sstmac/common/config.h
config.status:1620: executing sstmac/common/sstmac_config.h commands
config.status:1658: creating sstmac/common/sstmac_config.h - prefix SSTMAC for sstmac/common/config.h defines
config.status:1620: executing depfiles commands
config.status:1787: cd sstmac/install       && sed -e '/# am--include-marker/d' Makefile         | make -f - am--depfiles
config.status:1792: $? = 0
config.status:1787: cd sstmac/dumpi_util       && sed -e '/# am--include-marker/d' Makefile         | make -f - am--depfiles
config.status:1792: $? = 0
config.status:1787: cd sstmac/libraries/blas       && sed -e '/# am--include-marker/d' Makefile         | make -f - am--depfiles
config.status:1792: $? = 0
config.status:1787: cd sstmac/libraries/pthread       && sed -e '/# am--include-marker/d' Makefile         | make -f - am--depfiles
config.status:1792: $? = 0
config.status:1787: cd sstmac/libraries/omp       && sed -e '/# am--include-marker/d' Makefile         | make -f - am--depfiles
config.status:1792: $? = 0
config.status:1787: cd sstmac/libraries/machines       && sed -e '/# am--include-marker/d' Makefile         | make -f - am--depfiles
config.status:1792: $? = 0
config.status:1787: cd sstmac/skeletons       && sed -e '/# am--include-marker/d' Makefile         | make -f - am--depfiles
config.status:1792: $? = 0
config.status:1787: cd sstmac/test_skeletons       && sed -e '/# am--include-marker/d' Makefile         | make -f - am--depfiles
config.status:1792: $? = 0
config.status:1787: cd sstmac/software       && sed -e '/# am--include-marker/d' Makefile         | make -f - am--depfiles
config.status:1792: $? = 0
config.status:1787: cd sstmac/hardware       && sed -e '/# am--include-marker/d' Makefile         | make -f - am--depfiles
config.status:1792: $? = 0
config.status:1787: cd sstmac/sst_core       && sed -e '/# am--include-marker/d' Makefile         | make -f - am--depfiles
config.status:1792: $? = 0
config.status:1787: cd sstmac/backends/common       && sed -e '/# am--include-marker/d' Makefile         | make -f - am--depfiles
config.status:1792: $? = 0
config.status:1787: cd sstmac/backends/native       && sed -e '/# am--include-marker/d' Makefile         | make -f - am--depfiles
config.status:1792: $? = 0
config.status:1787: cd sstmac/backends/mpi       && sed -e '/# am--include-marker/d' Makefile         | make -f - am--depfiles
config.status:1792: $? = 0
config.status:1787: cd sstmac/main       && sed -e '/# am--include-marker/d' Makefile         | make -f - am--depfiles
config.status:1792: $? = 0
config.status:1787: cd sstmac/common       && sed -e '/# am--include-marker/d' Makefile         | make -f - am--depfiles
config.status:1792: $? = 0
config.status:1787: cd sprockit/sprockit       && sed -e '/# am--include-marker/d' Makefile         | make -f - am--depfiles
config.status:1792: $? = 0
config.status:1787: cd sprockit/test       && sed -e '/# am--include-marker/d' Makefile         | make -f - am--depfiles
config.status:1792: $? = 0
config.status:1787: cd bin       && sed -e '/# am--include-marker/d' Makefile         | make -f - am--depfiles
config.status:1792: $? = 0
config.status:1787: cd tests       && sed -e '/# am--include-marker/d' Makefile         | make -f - am--depfiles
config.status:1792: $? = 0
config.status:1787: cd tests/external       && sed -e '/# am--include-marker/d' Makefile         | make -f - am--depfiles
config.status:1792: $? = 0
config.status:1787: cd tests/sumi       && sed -e '/# am--include-marker/d' Makefile         | make -f - am--depfiles
config.status:1792: $? = 0
config.status:1787: cd tests/api/mpi       && sed -e '/# am--include-marker/d' Makefile         | make -f - am--depfiles
/tmp/Gm7LH8Py:787: warning: overriding recipe for target 'testexec'
/tmp/Gm7LH8Py:730: warning: ignoring old recipe for target 'testexec'
config.status:1792: $? = 0
config.status:1787: cd tests/api/globals       && sed -e '/# am--include-marker/d' Makefile         | make -f - am--depfiles
/tmp/GmPqW5K0:559: warning: overriding recipe for target 'testexec'
/tmp/GmPqW5K0:509: warning: ignoring old recipe for target 'testexec'
config.status:1792: $? = 0
config.status:1787: cd sumi-mpi       && sed -e '/# am--include-marker/d' Makefile         | make -f - am--depfiles
config.status:1792: $? = 0
config.status:1787: cd sumi       && sed -e '/# am--include-marker/d' Makefile         | make -f - am--depfiles
config.status:1792: $? = 0
config.status:1620: executing libtool commands
configure:20436: === configuring in sst-dumpi (/home/xianwei/new_source/sst-macro/build/sst-dumpi)
configure:20499: running /bin/bash ../../sst-dumpi/configure --disable-option-checking '--prefix=/home/xianwei/local/sstmacro'  '--enable-mpiparallel' --cache-file=/dev/null --srcdir=../../sst-dumpi

## ---------------- ##
## Cache variables. ##
## ---------------- ##

ac_cv_build=x86_64-pc-linux-gnu
ac_cv_c_compiler_gnu=yes
ac_cv_cxx_compiler_gnu=yes
ac_cv_env_CCASFLAGS_set=
ac_cv_env_CCASFLAGS_value=
ac_cv_env_CCAS_set=
ac_cv_env_CCAS_value=
ac_cv_env_CCC_set=
ac_cv_env_CCC_value=
ac_cv_env_CC_set=
ac_cv_env_CC_value=
ac_cv_env_CFLAGS_set=
ac_cv_env_CFLAGS_value=
ac_cv_env_CPPFLAGS_set=
ac_cv_env_CPPFLAGS_value=
ac_cv_env_CPP_set=
ac_cv_env_CPP_value=
ac_cv_env_CXXCPP_set=
ac_cv_env_CXXCPP_value=
ac_cv_env_CXXFLAGS_set=
ac_cv_env_CXXFLAGS_value=
ac_cv_env_CXX_set=
ac_cv_env_CXX_value=
ac_cv_env_FCFLAGS_set=
ac_cv_env_FCFLAGS_value=
ac_cv_env_FC_set=
ac_cv_env_FC_value=
ac_cv_env_LDFLAGS_set=
ac_cv_env_LDFLAGS_value=
ac_cv_env_LIBS_set=
ac_cv_env_LIBS_value=
ac_cv_env_LT_SYS_LIBRARY_PATH_set=
ac_cv_env_LT_SYS_LIBRARY_PATH_value=
ac_cv_env_build_alias_set=
ac_cv_env_build_alias_value=
ac_cv_env_host_alias_set=
ac_cv_env_host_alias_value=
ac_cv_env_target_alias_set=
ac_cv_env_target_alias_value=
ac_cv_fc_compiler_gnu=yes
ac_cv_header_dlfcn_h=yes
ac_cv_header_execinfo_h=yes
ac_cv_header_inttypes_h=yes
ac_cv_header_map=yes
ac_cv_header_memory_h=yes
ac_cv_header_mpi_h=no
ac_cv_header_otf2_otf2_h=no
ac_cv_header_pth_h=no
ac_cv_header_stdc=yes
ac_cv_header_stdint_h=yes
ac_cv_header_stdlib_h=yes
ac_cv_header_string_h=yes
ac_cv_header_strings_h=yes
ac_cv_header_sys_stat_h=yes
ac_cv_header_sys_types_h=yes
ac_cv_header_unistd_h=yes
ac_cv_host=x86_64-pc-linux-gnu
ac_cv_lib_dl_dlopen=yes
ac_cv_lib_pth_pth_uctx_switch=no
ac_cv_objext=o
ac_cv_path_EGREP='/usr/bin/grep -E'
ac_cv_path_FGREP='/usr/bin/grep -F'
ac_cv_path_GREP=/usr/bin/grep
ac_cv_path_SED=/usr/bin/sed
ac_cv_path_install='/usr/bin/install -c'
ac_cv_path_lt_DD=/usr/bin/dd
ac_cv_path_mkdir=/usr/bin/mkdir
ac_cv_path_pycfg=/usr/bin/python3-config
ac_cv_path_pyexe=/usr/bin/python3
ac_cv_prog_AWK=gawk
ac_cv_prog_CPP='gcc -E'
ac_cv_prog_CXXCPP='g++ -E'
ac_cv_prog_ac_ct_AR=ar
ac_cv_prog_ac_ct_CC=gcc
ac_cv_prog_ac_ct_CXX=g++
ac_cv_prog_ac_ct_FC=gfortran
ac_cv_prog_ac_ct_MANIFEST_TOOL=mt
ac_cv_prog_ac_ct_OBJDUMP=objdump
ac_cv_prog_ac_ct_RANLIB=ranlib
ac_cv_prog_ac_ct_STRIP=strip
ac_cv_prog_cc_c89=
ac_cv_prog_cc_g=yes
ac_cv_prog_cxx_g=yes
ac_cv_prog_fc_g=yes
ac_cv_prog_make_make_set=yes
ac_cv_sizeof_char=1
ac_cv_sizeof_double=8
ac_cv_sizeof_float=4
ac_cv_sizeof_int=4
ac_cv_sizeof_long=8
ac_cv_sizeof_long_double=16
ac_cv_sizeof_long_long=8
ac_cv_sizeof_short=2
ac_cv_sizeof_unsigned_char=1
ac_cv_sizeof_unsigned_int=4
ac_cv_sizeof_unsigned_long=8
ac_cv_sizeof_unsigned_long_long=8
ac_cv_sizeof_unsigned_short=2
ac_cv_sizeof_void_p=8
ac_cv_target=x86_64-pc-linux-gnu
am_cv_CCAS_dependencies_compiler_type=gcc3
am_cv_CC_dependencies_compiler_type=gcc3
am_cv_CXX_dependencies_compiler_type=gcc3
am_cv_ar_interface=ar
am_cv_make_support_nested_variables=yes
am_cv_prog_cc_c_o=yes
am_cv_prog_tar_pax=gnutar
lt_cv_ar_at_file=@
lt_cv_archive_cmds_need_lc=no
lt_cv_deplibs_check_method=pass_all
lt_cv_file_magic_cmd='$MAGIC_CMD'
lt_cv_file_magic_test_file=
lt_cv_ld_reload_flag=-r
lt_cv_nm_interface='BSD nm'
lt_cv_objdir=.libs
lt_cv_path_LD=/usr/bin/ld
lt_cv_path_LDCXX='/usr/bin/ld -m elf_x86_64'
lt_cv_path_NM='/usr/bin/nm -B'
lt_cv_path_mainfest_tool=no
lt_cv_prog_compiler_c_o=yes
lt_cv_prog_compiler_c_o_CXX=yes
lt_cv_prog_compiler_c_o_FC=yes
lt_cv_prog_compiler_pic='-fPIC -DPIC'
lt_cv_prog_compiler_pic_CXX='-fPIC -DPIC'
lt_cv_prog_compiler_pic_FC=-fPIC
lt_cv_prog_compiler_pic_works=yes
lt_cv_prog_compiler_pic_works_CXX=yes
lt_cv_prog_compiler_pic_works_FC=yes
lt_cv_prog_compiler_rtti_exceptions=no
lt_cv_prog_compiler_static_works=yes
lt_cv_prog_compiler_static_works_CXX=yes
lt_cv_prog_compiler_static_works_FC=yes
lt_cv_prog_gnu_ld=yes
lt_cv_prog_gnu_ldcxx=yes
lt_cv_sharedlib_from_linklib_cmd='printf %s\n'
lt_cv_shlibpath_overrides_runpath=yes
lt_cv_sys_global_symbol_pipe='sed -n -e '\''s/^.*[	 ]\([ABCDGIRSTW][ABCDGIRSTW]*\)[	 ][	 ]*\([_A-Za-z][_A-Za-z0-9]*\)$/\1 \2 \2/p'\'' | sed '\''/ __gnu_lto/d'\'''
lt_cv_sys_global_symbol_to_c_name_address='sed -n -e '\''s/^: \(.*\) .*$/  {"\1", (void *) 0},/p'\'' -e '\''s/^[ABCDGIRSTW][ABCDGIRSTW]* .* \(.*\)$/  {"\1", (void *) \&\1},/p'\'''
lt_cv_sys_global_symbol_to_c_name_address_lib_prefix='sed -n -e '\''s/^: \(.*\) .*$/  {"\1", (void *) 0},/p'\'' -e '\''s/^[ABCDGIRSTW][ABCDGIRSTW]* .* \(lib.*\)$/  {"\1", (void *) \&\1},/p'\'' -e '\''s/^[ABCDGIRSTW][ABCDGIRSTW]* .* \(.*\)$/  {"lib\1", (void *) \&\1},/p'\'''
lt_cv_sys_global_symbol_to_cdecl='sed -n -e '\''s/^T .* \(.*\)$/extern int \1();/p'\'' -e '\''s/^[ABCDGIRSTW][ABCDGIRSTW]* .* \(.*\)$/extern char \1;/p'\'''
lt_cv_sys_global_symbol_to_import=
lt_cv_sys_max_cmd_len=1572864
lt_cv_to_host_file_cmd=func_convert_file_noop
lt_cv_to_tool_file_cmd=func_convert_file_noop
lt_cv_truncate_bin='/usr/bin/dd bs=4096 count=1'

## ----------------- ##
## Output variables. ##
## ----------------- ##

ACLOCAL='${SHELL} /home/xianwei/new_source/sst-macro/bin/missing aclocal-1.16'
AMDEPBACKSLASH='\'
AMDEP_FALSE='#'
AMDEP_TRUE=''
AMTAR='$${TAR-tar}'
AM_BACKSLASH='\'
AM_DEFAULT_V='$(AM_DEFAULT_VERBOSITY)'
AM_DEFAULT_VERBOSITY='0'
AM_V='$(V)'
AR='ar'
AUTOCONF='${SHELL} /home/xianwei/new_source/sst-macro/bin/missing autoconf'
AUTOHEADER='${SHELL} /home/xianwei/new_source/sst-macro/bin/missing autoheader'
AUTOMAKE='${SHELL} /home/xianwei/new_source/sst-macro/bin/missing automake-1.16'
AWK='gawk'
CC='gcc'
CCAS='gcc'
CCASDEPMODE='depmode=gcc3'
CCASFLAGS='-g -O2'
CCDEPMODE='depmode=gcc3'
CFLAGS='-g -O2'
CLANG_CPPFLAGS=''
CLANG_INSTALL_DIR='no'
CLANG_LDFLAGS=''
CLANG_LIBTOOLING_CXX_FLAGS=''
CLANG_LIBTOOLING_C_FLAGS=''
CLANG_LIBTOOLING_LIBS=''
CLANG_LIBTOOLING_SYSTEM_LIBS=''
CLANG_NEED_LIBCPP_FALSE=''
CLANG_NEED_LIBCPP_TRUE='#'
COMM_DELAY_STATS_FALSE='#'
COMM_DELAY_STATS_TRUE=''
COMM_SYNC_STATS_FALSE=''
COMM_SYNC_STATS_TRUE='#'
CPP='gcc -E'
CPPFLAGS=''
CXX='g++'
CXXCPP='g++ -E'
CXXDEPMODE='depmode=gcc3'
CXXFLAGS='-g -O2'
CYGPATH_W='echo'
DARWIN_FALSE=''
DARWIN_TRUE='#'
DEFAULT_INCLUDE_PATHS='/usr/include/c++/7:/usr/include/x86_64-linux-gnu/c++/7:/usr/include/c++/7/backward:/usr/lib/gcc/x86_64-linux-gnu/7/include:/usr/local/include:/usr/include/x86_64-linux-gnu:/usr/include'
DEFS='-DHAVE_CONFIG_H'
DEPDIR='.deps'
DLLTOOL='false'
DOT=''
DO_CALL_GRAPH_TEST_FALSE=''
DO_CALL_GRAPH_TEST_TRUE='#'
DSYMUTIL=''
DUMPBIN=''
ECHO_C=''
ECHO_N='-n'
ECHO_T=''
EGREP='/usr/bin/grep -E'
ENABLE_DEBUG_FALSE='#'
ENABLE_DEBUG_TRUE=''
ERROR_CFLAGS=''
ERROR_CXXFLAGS=''
EXEEXT=''
FC='gfortran'
FCFLAGS='-g -O2'
FCONTEXT_A64_FALSE=''
FCONTEXT_A64_TRUE='#'
FCONTEXT_MAC_FALSE=''
FCONTEXT_MAC_TRUE='#'
FCONTEXT_X86_FALSE='#'
FCONTEXT_X86_TRUE=''
FGREP='/usr/bin/grep -F'
GREP='/usr/bin/grep'
HAVE_CLANG_FALSE=''
HAVE_CLANG_TRUE='#'
HAVE_CXX14_FALSE=''
HAVE_CXX14_TRUE='#'
HAVE_CXX17_FALSE=''
HAVE_CXX17_TRUE='#'
HAVE_DOT='NO'
HAVE_EVENT_CALENDAR_FALSE=''
HAVE_EVENT_CALENDAR_TRUE='#'
HAVE_GCC_FALSE=''
HAVE_GCC_TRUE='#'
HAVE_MACSDK_FALSE='#'
HAVE_MACSDK_TRUE=''
HAVE_OTF2_FALSE=''
HAVE_OTF2_TRUE='#'
HAVE_PTH_FALSE=''
HAVE_PTH_TRUE='#'
HAVE_REGEXP_FALSE=''
HAVE_REGEXP_TRUE='#'
HAVE_SST_ELEMENTS_FALSE=''
HAVE_SST_ELEMENTS_TRUE='#'
HAVE_UBUNTU_FALSE='#'
HAVE_UBUNTU_TRUE=''
HAVE_UCONTEXT_FALSE='#'
HAVE_UCONTEXT_TRUE=''
HAVE_VTK_FALSE=''
HAVE_VTK_TRUE='#'
INSTALL_DATA='${INSTALL} -m 644'
INSTALL_PROGRAM='${INSTALL}'
INSTALL_SCRIPT='${INSTALL}'
INSTALL_STRIP_PROGRAM='$(install_sh) -c -s'
INTEGRATED_SST_CORE_FALSE=''
INTEGRATED_SST_CORE_TRUE='#'
LD='/usr/bin/ld -m elf_x86_64'
LDFLAGS=' -Wl,--no-as-needed'
LD_SO_FLAGS='-shared'
LIBOBJS=''
LIBS='-ldl -ldl  -lpthread'
LIBTOOL='$(SHELL) $(top_builddir)/libtool'
LIPO=''
LLVM_CPPFLAGS=''
LLVM_LDFLAGS=''
LLVM_LIBS=''
LLVM_SYSTEM_LIBS=''
LN_S='ln -s'
LTLIBOBJS=''
LT_SYS_LIBRARY_PATH=''
MACSDK_CFLAGS=''
MACSDK_CXXFLAGS=''
MAKEINFO='${SHELL} /home/xianwei/new_source/sst-macro/bin/missing makeinfo'
MANIFEST_TOOL=':'
MKDIR_P='/usr/bin/mkdir -p'
MPI_AINT='long long'
NM='/usr/bin/nm -B'
NMEDIT=''
OBJDUMP='objdump'
OBJEXT='o'
OTF2_CPPFLAGS=''
OTF2_LDFLAGS=' -Wl,--no-as-needed'
OTF2_LIBS='-ldl  -lpthread'
OTOOL64=''
OTOOL=''
PACKAGE='sstmacro'
PACKAGE_BUGREPORT='sst-macro-help@sandia.gov'
PACKAGE_NAME='sstmacro'
PACKAGE_STRING='sstmacro 12.1.0'
PACKAGE_TARNAME='sstmacro'
PACKAGE_URL=''
PACKAGE_VERSION='12.1.0'
PATH_SEPARATOR=':'
PTHREAD_MACRO_DEF_COND_INITIALIZER='{ { {0}, {0}, {0, 0}, {0, 0}, 0, 0, {0, 0} } }'
PTHREAD_MACRO_DEF_MUTEX_INITIALIZER='{ { 0, 0, 0, 0, PTHREAD_MUTEX_TIMED_NP, 0, 0, { 0, 0 } } }'
PTHREAD_MACRO_DEF_ONCE_INITIALIZER='0'
PTH_CPPFLAGS=''
PTH_LDFLAGS=''
PY_CPPFLAGS=''
PY_LDFLAGS=''
RANLIB='ranlib'
REPO_BUILD_FALSE='#'
REPO_BUILD_TRUE=''
SED='/usr/bin/sed'
SET_MAKE=''
SHELL='/bin/bash'
SPACK_CC=''
SPACK_CXX=''
SSTMAC_LIBVERSION='12:1:0'
SST_CPPFLAGS=''
SST_CXXFLAGS=''
SST_ELEMENTS_CPPFLAGS=''
SST_LDFLAGS=''
STD_CXXFLAGS='-std=c++11'
STRIP='strip'
SYS_TYPES_FULL_PATH='/usr/include/x86_64-linux-gnu/sys/types.h'
UCONTEXT_CPPFLAGS=''
UCONTEXT_LDFLAGS=''
USE_MPIPARALLEL_FALSE=''
USE_MPIPARALLEL_TRUE='#'
USE_REPLACEMENT_HEADERS_FALSE='#'
USE_REPLACEMENT_HEADERS_TRUE=''
VERSION='12.1.0'
VTK_CPPFLAGS=''
VTK_LDFLAGS=''
VTK_LIBS=''
WARNING_CFLAGS=''
WARNING_CXXFLAGS=''
ac_ct_AR='ar'
ac_ct_CC='gcc'
ac_ct_CXX='g++'
ac_ct_DUMPBIN=''
ac_ct_FC='gfortran'
am__EXEEXT_FALSE=''
am__EXEEXT_TRUE='#'
am__fastdepCCAS_FALSE='#'
am__fastdepCCAS_TRUE=''
am__fastdepCC_FALSE='#'
am__fastdepCC_TRUE=''
am__fastdepCXX_FALSE='#'
am__fastdepCXX_TRUE=''
am__include='include'
am__isrc=' -I$(srcdir)'
am__leading_dot='.'
am__nodep='_no'
am__quote=''
am__tar='tar --format=posix -chf - "$$tardir"'
am__untar='tar -xf -'
bindir='${exec_prefix}/bin'
build='x86_64-pc-linux-gnu'
build_alias=''
build_cpu='x86_64'
build_os='linux-gnu'
build_vendor='pc'
datadir='${datarootdir}'
datarootdir='${prefix}/share'
docdir='${datarootdir}/doc/${PACKAGE_TARNAME}'
dvidir='${docdir}'
exec_prefix='${prefix}'
git_branch='master'
have_float_128='False'
host='x86_64-pc-linux-gnu'
host_alias=''
host_cpu='x86_64'
host_os='linux-gnu'
host_vendor='pc'
htmldir='${docdir}'
includedir='${prefix}/include'
infodir='${datarootdir}/info'
install_sh='${SHELL} /home/xianwei/new_source/sst-macro/bin/install-sh'
libdir='${exec_prefix}/lib'
libexecdir='${exec_prefix}/libexec'
localedir='${datarootdir}/locale'
localstatedir='${prefix}/var'
mandir='${datarootdir}/man'
mkdir_p='$(MKDIR_P)'
mt_cmdline_args=''
oldincludedir='/usr/include'
pdfdir='${docdir}'
prefix='/home/xianwei/local/sstmacro'
program_transform_name='s,x,x,'
psdir='${docdir}'
pycfg='/usr/bin/python3-config'
pyexe='/usr/bin/python3'
runstatedir='${localstatedir}/run'
sbindir='${exec_prefix}/sbin'
sharedstatedir='${prefix}/com'
sst_prefix=''
subdirs=' sst-dumpi'
sysconfdir='${prefix}/etc'
target='x86_64-pc-linux-gnu'
target_alias=''
target_cpu='x86_64'
target_os='linux-gnu'
target_vendor='pc'

## ----------- ##
## confdefs.h. ##
## ----------- ##

/* confdefs.h */
#define PACKAGE_NAME "sstmacro"
#define PACKAGE_TARNAME "sstmacro"
#define PACKAGE_VERSION "12.1.0"
#define PACKAGE_STRING "sstmacro 12.1.0"
#define PACKAGE_BUGREPORT "sst-macro-help@sandia.gov"
#define PACKAGE_URL ""
#define CONFIG_INSTALL_INCLUDE_PATH "/home/xianwei/local/sstmacro/include/sstmac/configurations"
#define CONFIG_SRC_INCLUDE_PATH "/home/xianwei/new_source/sst-macro/configurations"
#define VERSION 12
#define SUBVERSION 1
#define SUBSUBVERSION 0
#define PACKAGE "sstmacro"
#define VERSION "12.1.0"
#define STDC_HEADERS 1
#define HAVE_SYS_TYPES_H 1
#define HAVE_SYS_STAT_H 1
#define HAVE_STDLIB_H 1
#define HAVE_STRING_H 1
#define HAVE_MEMORY_H 1
#define HAVE_STRINGS_H 1
#define HAVE_INTTYPES_H 1
#define HAVE_STDINT_H 1
#define HAVE_UNISTD_H 1
#define HAVE_DLFCN_H 1
#define LT_OBJDIR ".libs/"
#define INTEGRATED_SST_CORE 0
#define HAVE_LIBDL 1
#define HAVE_DLFCN_H 1
#define HAVE_VALID_MPI 0
#define DEFAULT_ENV_STRING "serial"
#define DEFAULT_RUNTIME_STRING "serial"
#define DEFAULT_PARTITION_STRING "serial"
#define DEFAULT_EVENT_MANAGER_STRING "map"
#define HAVE_UCONTEXT 1
#define HAVE_PTHREAD 1
#define HAVE_EVENT_CALENDAR 0
#define SANITY_CHECK 0
#define REPO_BUILD 1
#define HAVE_PTHREAD_AFFINITY_NP 1
#define USE_CPU_AFFINITY 0
#define HAVE_EXECINFO_H 1
#define HAVE_DLFCN_H 1
#define HAVE_CALL_GRAPH 0
#define SIZEOF_CHAR 1
#define SIZEOF_UNSIGNED_CHAR 1
#define SIZEOF_SHORT 2
#define SIZEOF_UNSIGNED_SHORT 2
#define SIZEOF_INT 4
#define SIZEOF_UNSIGNED_INT 4
#define SIZEOF_LONG 8
#define SIZEOF_UNSIGNED_LONG 8
#define SIZEOF_LONG_LONG 8
#define SIZEOF_UNSIGNED_LONG_LONG 8
#define SIZEOF_FLOAT 4
#define SIZEOF_DOUBLE 8
#define SIZEOF_LONG_DOUBLE 16
#define SIZEOF_VOID_P 8
#define COMM_DELAY_STATS 1

configure: exit 0
