This file contains any messages produced by compilers while
running configure, to aid debugging if configure makes a mistake.

It was created by dumpi configure 12.0.0'', which was
generated by GNU Autoconf 2.69.  Invocation command line was

  $ ../../sst-dumpi/configure --disable-option-checking --prefix=/home/xianwei/local/sstmacro --enable-mpiparallel --cache-file=/dev/null --srcdir=../../sst-dumpi

## --------- ##
## Platform. ##
## --------- ##

hostname = shasta
uname -m = x86_64
uname -r = 5.15.0-69-generic
uname -s = Linux
uname -v = #76~20.04.1-Ubuntu SMP Mon Mar 20 15:54:19 UTC 2023

/usr/bin/uname -p = x86_64
/bin/uname -X     = unknown

/bin/arch              = x86_64
/usr/bin/arch -k       = unknown
/usr/convex/getsysinfo = unknown
/usr/bin/hostinfo      = unknown
/bin/machine           = unknown
/usr/bin/oslevel       = unknown
/bin/universe          = unknown

PATH: /home/xianwei/.local/bin
PATH: /home/xianwei/local/bin
PATH: /home/xianwei/local/sstcore/bin
PATH: /home/xianwei/local/cuda-9.2/bin
PATH: /home/xianwei/local/riscv-fs/riscv/bin
PATH: /home/xianwei/local/riscv-gnu-toolchain/bin
PATH: /home/xianwei/local/sstmacro/bin
PATH: /usr/local/sbin
PATH: /usr/local/bin
PATH: /usr/sbin
PATH: /usr/bin
PATH: /sbin
PATH: /bin
PATH: /usr/games
PATH: /usr/local/games
PATH: /snap/bin


## ----------- ##
## Core tests. ##
## ----------- ##

configure:2711: checking build system type
configure:2725: result: x86_64-pc-linux-gnu
configure:2745: checking host system type
configure:2758: result: x86_64-pc-linux-gnu
configure:2778: checking target system type
configure:2791: result: x86_64-pc-linux-gnu
configure:2833: checking for a BSD-compatible install
configure:2901: result: /usr/bin/install -c
configure:2912: checking whether build environment is sane
configure:2967: result: yes
configure:3116: checking for a thread-safe mkdir -p
configure:3155: result: /usr/bin/mkdir -p
configure:3162: checking for gawk
configure:3178: found /usr/bin/gawk
configure:3189: result: gawk
configure:3200: checking whether make sets $(MAKE)
configure:3222: result: yes
configure:3251: checking whether make supports nested variables
configure:3268: result: yes
configure:3398: checking whether make supports the include directive
configure:3413: make -f confmf.GNU && cat confinc.out
this is the am__doit target
configure:3416: $? = 0
configure:3435: result: yes (GNU style)
configure:3505: checking for gcc
configure:3521: found /home/xianwei/local/bin/gcc
configure:3532: result: gcc
configure:3761: checking for C compiler version
configure:3770: gcc --version >&5
gcc (Ubuntu 7.5.0-6ubuntu2) 7.5.0
Copyright (C) 2017 Free Software Foundation, Inc.
This is free software; see the source for copying conditions.  There is NO
warranty; not even for MERCHANTABILITY or FITNESS FOR A PARTICULAR PURPOSE.

configure:3781: $? = 0
configure:3770: gcc -v >&5
Using built-in specs.
COLLECT_GCC=gcc
COLLECT_LTO_WRAPPER=/usr/lib/gcc/x86_64-linux-gnu/7/lto-wrapper
OFFLOAD_TARGET_NAMES=nvptx-none
OFFLOAD_TARGET_DEFAULT=1
Target: x86_64-linux-gnu
Configured with: ../src/configure -v --with-pkgversion='Ubuntu 7.5.0-6ubuntu2' --with-bugurl=file:///usr/share/doc/gcc-7/README.Bugs --enable-languages=c,ada,c++,go,brig,d,fortran,objc,obj-c++ --prefix=/usr --with-gcc-major-version-only --program-suffix=-7 --program-prefix=x86_64-linux-gnu- --enable-shared --enable-linker-build-id --libexecdir=/usr/lib --without-included-gettext --enable-threads=posix --libdir=/usr/lib --enable-nls --enable-bootstrap --enable-clocale=gnu --enable-libstdcxx-debug --enable-libstdcxx-time=yes --with-default-libstdcxx-abi=new --enable-gnu-unique-object --disable-vtable-verify --enable-libmpx --enable-plugin --enable-default-pie --with-system-zlib --with-target-system-zlib --enable-objc-gc=auto --enable-multiarch --disable-werror --with-arch-32=i686 --with-abi=m64 --with-multilib-list=m32,m64,mx32 --enable-multilib --with-tune=generic --enable-offload-targets=nvptx-none --without-cuda-driver --enable-checking=release --build=x86_64-linux-gnu --host=x86_64-linux-gnu --target=x86_64-linux-gnu
Thread model: posix
gcc version 7.5.0 (Ubuntu 7.5.0-6ubuntu2) 
configure:3781: $? = 0
configure:3770: gcc -V >&5
gcc: error: unrecognized command line option '-V'
gcc: fatal error: no input files
compilation terminated.
configure:3781: $? = 1
configure:3770: gcc -qversion >&5
gcc: error: unrecognized command line option '-qversion'; did you mean '--version'?
gcc: fatal error: no input files
compilation terminated.
configure:3781: $? = 1
configure:3801: checking whether the C compiler works
configure:3823: gcc    conftest.c  >&5
configure:3827: $? = 0
configure:3875: result: yes
configure:3878: checking for C compiler default output file name
configure:3880: result: a.out
configure:3886: checking for suffix of executables
configure:3893: gcc -o conftest    conftest.c  >&5
configure:3897: $? = 0
configure:3919: result: 
configure:3941: checking whether we are cross compiling
configure:3949: gcc -o conftest    conftest.c  >&5
configure:3953: $? = 0
configure:3960: ./conftest
configure:3964: $? = 0
configure:3952: result: no
configure:3957: checking for suffix of object files
configure:3979: gcc -c   conftest.c >&5
configure:3983: $? = 0
configure:4004: result: o
configure:4008: checking whether we are using the GNU C compiler
configure:4027: gcc -c   conftest.c >&5
configure:4027: $? = 0
configure:4036: result: yes
configure:4045: checking whether gcc accepts -g
configure:4065: gcc -c -g  conftest.c >&5
configure:4065: $? = 0
configure:4106: result: yes
configure:4123: checking for gcc option to accept ISO C89
configure:4186: gcc  -c -g -O2  conftest.c >&5
configure:4186: $? = 0
configure:4199: result: none needed
configure:4224: checking whether gcc understands -c and -o together
configure:4246: gcc -c conftest.c -o conftest2.o
configure:4249: $? = 0
configure:4246: gcc -c conftest.c -o conftest2.o
configure:4249: $? = 0
configure:4261: result: yes
configure:4280: checking dependency style of gcc
configure:4391: result: gcc3
configure:4456: checking for ar
configure:4472: found /usr/bin/ar
configure:4483: result: ar
configure:4509: checking the archiver (ar) interface
configure:4525: gcc -c -g -O2  conftest.c >&5
configure:4525: $? = 0
configure:4527: ar cru libconftest.a conftest.o >&5
ar: `u' modifier ignored since `D' is the default (see `U')
configure:4530: $? = 0
configure:4529: result: ar
configure:4560: checking whether make supports nested variables
configure:4577: result: yes
configure:4638: checking for gcc
configure:4665: result: gcc
configure:4894: checking for C compiler version
configure:4903: gcc --version >&5
gcc (Ubuntu 7.5.0-6ubuntu2) 7.5.0
Copyright (C) 2017 Free Software Foundation, Inc.
This is free software; see the source for copying conditions.  There is NO
warranty; not even for MERCHANTABILITY or FITNESS FOR A PARTICULAR PURPOSE.

configure:4914: $? = 0
configure:4903: gcc -v >&5
Using built-in specs.
COLLECT_GCC=gcc
COLLECT_LTO_WRAPPER=/usr/lib/gcc/x86_64-linux-gnu/7/lto-wrapper
OFFLOAD_TARGET_NAMES=nvptx-none
OFFLOAD_TARGET_DEFAULT=1
Target: x86_64-linux-gnu
Configured with: ../src/configure -v --with-pkgversion='Ubuntu 7.5.0-6ubuntu2' --with-bugurl=file:///usr/share/doc/gcc-7/README.Bugs --enable-languages=c,ada,c++,go,brig,d,fortran,objc,obj-c++ --prefix=/usr --with-gcc-major-version-only --program-suffix=-7 --program-prefix=x86_64-linux-gnu- --enable-shared --enable-linker-build-id --libexecdir=/usr/lib --without-included-gettext --enable-threads=posix --libdir=/usr/lib --enable-nls --enable-bootstrap --enable-clocale=gnu --enable-libstdcxx-debug --enable-libstdcxx-time=yes --with-default-libstdcxx-abi=new --enable-gnu-unique-object --disable-vtable-verify --enable-libmpx --enable-plugin --enable-default-pie --with-system-zlib --with-target-system-zlib --enable-objc-gc=auto --enable-multiarch --disable-werror --with-arch-32=i686 --with-abi=m64 --with-multilib-list=m32,m64,mx32 --enable-multilib --with-tune=generic --enable-offload-targets=nvptx-none --without-cuda-driver --enable-checking=release --build=x86_64-linux-gnu --host=x86_64-linux-gnu --target=x86_64-linux-gnu
Thread model: posix
gcc version 7.5.0 (Ubuntu 7.5.0-6ubuntu2) 
configure:4914: $? = 0
configure:4903: gcc -V >&5
gcc: error: unrecognized command line option '-V'
gcc: fatal error: no input files
compilation terminated.
configure:4914: $? = 1
configure:4903: gcc -qversion >&5
gcc: error: unrecognized command line option '-qversion'; did you mean '--version'?
gcc: fatal error: no input files
compilation terminated.
configure:4914: $? = 1
configure:4918: checking whether we are using the GNU C compiler
configure:4946: result: yes
configure:4955: checking whether gcc accepts -g
configure:5016: result: yes
configure:5033: checking for gcc option to accept ISO C89
configure:5109: result: none needed
configure:5134: checking whether gcc understands -c and -o together
configure:5171: result: yes
configure:5190: checking dependency style of gcc
configure:5301: result: gcc3
configure:5374: checking for g++
configure:5390: found /home/xianwei/local/bin/g++
configure:5401: result: g++
configure:5428: checking for C++ compiler version
configure:5437: g++ --version >&5
g++ (Ubuntu 7.5.0-6ubuntu2) 7.5.0
Copyright (C) 2017 Free Software Foundation, Inc.
This is free software; see the source for copying conditions.  There is NO
warranty; not even for MERCHANTABILITY or FITNESS FOR A PARTICULAR PURPOSE.

configure:5448: $? = 0
configure:5437: g++ -v >&5
Using built-in specs.
COLLECT_GCC=g++
COLLECT_LTO_WRAPPER=/usr/lib/gcc/x86_64-linux-gnu/7/lto-wrapper
OFFLOAD_TARGET_NAMES=nvptx-none
OFFLOAD_TARGET_DEFAULT=1
Target: x86_64-linux-gnu
Configured with: ../src/configure -v --with-pkgversion='Ubuntu 7.5.0-6ubuntu2' --with-bugurl=file:///usr/share/doc/gcc-7/README.Bugs --enable-languages=c,ada,c++,go,brig,d,fortran,objc,obj-c++ --prefix=/usr --with-gcc-major-version-only --program-suffix=-7 --program-prefix=x86_64-linux-gnu- --enable-shared --enable-linker-build-id --libexecdir=/usr/lib --without-included-gettext --enable-threads=posix --libdir=/usr/lib --enable-nls --enable-bootstrap --enable-clocale=gnu --enable-libstdcxx-debug --enable-libstdcxx-time=yes --with-default-libstdcxx-abi=new --enable-gnu-unique-object --disable-vtable-verify --enable-libmpx --enable-plugin --enable-default-pie --with-system-zlib --with-target-system-zlib --enable-objc-gc=auto --enable-multiarch --disable-werror --with-arch-32=i686 --with-abi=m64 --with-multilib-list=m32,m64,mx32 --enable-multilib --with-tune=generic --enable-offload-targets=nvptx-none --without-cuda-driver --enable-checking=release --build=x86_64-linux-gnu --host=x86_64-linux-gnu --target=x86_64-linux-gnu
Thread model: posix
gcc version 7.5.0 (Ubuntu 7.5.0-6ubuntu2) 
configure:5448: $? = 0
configure:5437: g++ -V >&5
g++: error: unrecognized command line option '-V'
g++: fatal error: no input files
compilation terminated.
configure:5448: $? = 1
configure:5437: g++ -qversion >&5
g++: error: unrecognized command line option '-qversion'; did you mean '--version'?
g++: fatal error: no input files
compilation terminated.
configure:5448: $? = 1
configure:5452: checking whether we are using the GNU C++ compiler
configure:5471: g++ -c   conftest.cpp >&5
configure:5471: $? = 0
configure:5480: result: yes
configure:5489: checking whether g++ accepts -g
configure:5509: g++ -c -g  conftest.cpp >&5
configure:5509: $? = 0
configure:5550: result: yes
configure:5575: checking dependency style of g++
configure:5686: result: gcc3
configure:5747: checking how to print strings
configure:5774: result: printf
configure:5795: checking for a sed that does not truncate output
configure:5859: result: /usr/bin/sed
configure:5877: checking for grep that handles long lines and -e
configure:5935: result: /usr/bin/grep
configure:5940: checking for egrep
configure:6002: result: /usr/bin/grep -E
configure:6007: checking for fgrep
configure:6069: result: /usr/bin/grep -F
configure:6104: checking for ld used by gcc
configure:6171: result: /usr/bin/ld
configure:6178: checking if the linker (/usr/bin/ld) is GNU ld
configure:6193: result: yes
configure:6205: checking for BSD- or MS-compatible name lister (nm)
configure:6259: result: /usr/bin/nm -B
configure:6389: checking the name lister (/usr/bin/nm -B) interface
configure:6396: gcc -c -g -O2  conftest.c >&5
configure:6399: /usr/bin/nm -B "conftest.o"
configure:6402: output
0000000000000000 B some_variable
configure:6403: result: BSD nm
configure:6406: checking whether ln -s works
configure:6410: result: yes
configure:6418: checking the maximum length of command line arguments
configure:6549: result: 1572864
configure:6597: checking how to convert x86_64-pc-linux-gnu file names to x86_64-pc-linux-gnu format
configure:6637: result: func_convert_file_noop
configure:6644: checking how to convert x86_64-pc-linux-gnu file names to toolchain format
configure:6664: result: func_convert_file_noop
configure:6671: checking for /usr/bin/ld option to reload object files
configure:6678: result: -r
configure:6752: checking for objdump
configure:6768: found /usr/bin/objdump
configure:6779: result: objdump
configure:6811: checking how to recognize dependent libraries
configure:7011: result: pass_all
configure:7096: checking for dlltool
configure:7126: result: no
configure:7156: checking how to associate runtime and link libraries
configure:7183: result: printf %s\n
configure:7307: checking for archiver @FILE support
configure:7324: gcc -c -g -O2  conftest.c >&5
configure:7324: $? = 0
configure:7327: ar cr libconftest.a @conftest.lst >&5
configure:7330: $? = 0
configure:7335: ar cr libconftest.a @conftest.lst >&5
ar: conftest.o: No such file or directory
configure:7338: $? = 1
configure:7337: result: @
configure:7395: checking for strip
configure:7411: found /usr/bin/strip
configure:7422: result: strip
configure:7494: checking for ranlib
configure:7510: found /usr/bin/ranlib
configure:7521: result: ranlib
configure:7623: checking command to parse /usr/bin/nm -B output from gcc object
configure:7776: gcc -c -g -O2  conftest.c >&5
configure:7779: $? = 0
configure:7783: /usr/bin/nm -B conftest.o | sed -n -e 's/^.*[	 ]\([ABCDGIRSTW][ABCDGIRSTW]*\)[	 ][	 ]*\([_A-Za-z][_A-Za-z0-9]*\)$/\1 \2 \2/p' | sed '/ __gnu_lto/d' > conftest.nm
configure:7849: gcc -o conftest -g -O2   conftest.c conftstm.o >&5
configure:7852: $? = 0
configure:7890: result: ok
configure:7937: checking for sysroot
configure:7967: result: no
configure:7974: checking for a working dd
configure:8012: result: /usr/bin/dd
configure:8016: checking how to truncate binary pipes
configure:8031: result: /usr/bin/dd bs=4096 count=1
configure:8167: gcc -c -g -O2  conftest.c >&5
configure:8170: $? = 0
configure:8360: checking for mt
configure:8376: found /usr/bin/mt
configure:8387: result: mt
configure:8410: checking if mt is a manifest tool
configure:8416: mt '-?'
configure:8424: result: no
configure:9101: checking how to run the C preprocessor
configure:9132: gcc -E  conftest.c
configure:9132: $? = 0
configure:9146: gcc -E  conftest.c
conftest.c:11:10: fatal error: ac_nonexistent.h: No such file or directory
 #include <ac_nonexistent.h>
          ^~~~~~~~~~~~~~~~~~
compilation terminated.
configure:9146: $? = 1
configure: failed program was:
| /* confdefs.h */
| #define PACKAGE_NAME "dumpi"
| #define PACKAGE_TARNAME "dumpi"
| #define PACKAGE_VERSION "12.0.0"
| #define PACKAGE_STRING "dumpi 12.0.0"
| #define PACKAGE_BUGREPORT "jjwilke@sandia.gov"
| #define PACKAGE_URL ""
| #define PACKAGE "dumpi"
| #define VERSION "12.0.0"
| /* end confdefs.h.  */
| #include <ac_nonexistent.h>
configure:9171: result: gcc -E
configure:9191: gcc -E  conftest.c
configure:9191: $? = 0
configure:9205: gcc -E  conftest.c
conftest.c:11:10: fatal error: ac_nonexistent.h: No such file or directory
 #include <ac_nonexistent.h>
          ^~~~~~~~~~~~~~~~~~
compilation terminated.
configure:9205: $? = 1
configure: failed program was:
| /* confdefs.h */
| #define PACKAGE_NAME "dumpi"
| #define PACKAGE_TARNAME "dumpi"
| #define PACKAGE_VERSION "12.0.0"
| #define PACKAGE_STRING "dumpi 12.0.0"
| #define PACKAGE_BUGREPORT "jjwilke@sandia.gov"
| #define PACKAGE_URL ""
| #define PACKAGE "dumpi"
| #define VERSION "12.0.0"
| /* end confdefs.h.  */
| #include <ac_nonexistent.h>
configure:9234: checking for ANSI C header files
configure:9254: gcc -c -g -O2  conftest.c >&5
configure:9254: $? = 0
configure:9327: gcc -o conftest -g -O2   conftest.c  >&5
configure:9327: $? = 0
configure:9327: ./conftest
configure:9327: $? = 0
configure:9338: result: yes
configure:9351: checking for sys/types.h
configure:9351: gcc -c -g -O2  conftest.c >&5
configure:9351: $? = 0
configure:9351: result: yes
configure:9351: checking for sys/stat.h
configure:9351: gcc -c -g -O2  conftest.c >&5
configure:9351: $? = 0
configure:9351: result: yes
configure:9351: checking for stdlib.h
configure:9351: gcc -c -g -O2  conftest.c >&5
configure:9351: $? = 0
configure:9351: result: yes
configure:9351: checking for string.h
configure:9351: gcc -c -g -O2  conftest.c >&5
configure:9351: $? = 0
configure:9351: result: yes
configure:9351: checking for memory.h
configure:9351: gcc -c -g -O2  conftest.c >&5
configure:9351: $? = 0
configure:9351: result: yes
configure:9351: checking for strings.h
configure:9351: gcc -c -g -O2  conftest.c >&5
configure:9351: $? = 0
configure:9351: result: yes
configure:9351: checking for inttypes.h
configure:9351: gcc -c -g -O2  conftest.c >&5
configure:9351: $? = 0
configure:9351: result: yes
configure:9351: checking for stdint.h
configure:9351: gcc -c -g -O2  conftest.c >&5
configure:9351: $? = 0
configure:9351: result: yes
configure:9351: checking for unistd.h
configure:9351: gcc -c -g -O2  conftest.c >&5
configure:9351: $? = 0
configure:9351: result: yes
configure:9365: checking for dlfcn.h
configure:9365: gcc -c -g -O2  conftest.c >&5
configure:9365: $? = 0
configure:9365: result: yes
configure:9632: checking for objdir
configure:9647: result: .libs
configure:9911: checking if gcc supports -fno-rtti -fno-exceptions
configure:9929: gcc -c -g -O2  -fno-rtti -fno-exceptions conftest.c >&5
cc1: warning: command line option '-fno-rtti' is valid for C++/ObjC++ but not for C
configure:9933: $? = 0
configure:9946: result: no
configure:10310: checking for gcc option to produce PIC
configure:10317: result: -fPIC -DPIC
configure:10325: checking if gcc PIC flag -fPIC -DPIC works
configure:10343: gcc -c -g -O2  -fPIC -DPIC -DPIC conftest.c >&5
configure:10347: $? = 0
configure:10360: result: yes
configure:10389: checking if gcc static flag -static works
configure:10417: result: yes
configure:10432: checking if gcc supports -c -o file.o
configure:10453: gcc -c -g -O2  -o out/conftest2.o conftest.c >&5
configure:10457: $? = 0
configure:10479: result: yes
configure:10487: checking if gcc supports -c -o file.o
configure:10534: result: yes
configure:10567: checking whether the gcc linker (/usr/bin/ld -m elf_x86_64) supports shared libraries
configure:11830: result: yes
configure:11867: checking whether -lc should be explicitly linked in
configure:11875: gcc -c -g -O2  conftest.c >&5
configure:11878: $? = 0
configure:11893: gcc -shared  -fPIC -DPIC conftest.o  -v -Wl,-soname -Wl,conftest -o conftest 2\>\&1 \| /usr/bin/grep  -lc  \>/dev/null 2\>\&1
configure:11896: $? = 0
configure:11910: result: no
configure:12070: checking dynamic linker characteristics
configure:12651: gcc -o conftest -g -O2   -Wl,-rpath -Wl,/foo conftest.c  >&5
configure:12651: $? = 0
configure:12900: result: GNU/Linux ld.so
configure:13022: checking how to hardcode library paths into programs
configure:13047: result: immediate
configure:13595: checking whether stripping libraries is possible
configure:13600: result: yes
configure:13635: checking if libtool supports shared libraries
configure:13637: result: yes
configure:13640: checking whether to build shared libraries
configure:13665: result: yes
configure:13668: checking whether to build static libraries
configure:13672: result: yes
configure:10471: checking how to run the C++ preprocessor
configure:10498: g++ -E  conftest.cpp
configure:10498: $? = 0
configure:10512: g++ -E  conftest.cpp
conftest.cpp:23:10: fatal error: ac_nonexistent.h: No such file or directory
 #include <ac_nonexistent.h>
          ^~~~~~~~~~~~~~~~~~
compilation terminated.
configure:10512: $? = 1
configure: failed program was:
| /* confdefs.h */
| #define PACKAGE_NAME "dumpi"
| #define PACKAGE_TARNAME "dumpi"
| #define PACKAGE_VERSION "12.0.0"
| #define PACKAGE_STRING "dumpi 12.0.0"
| #define PACKAGE_BUGREPORT "jjwilke@sandia.gov"
| #define PACKAGE_URL ""
| #define PACKAGE "dumpi"
| #define VERSION "12.0.0"
| #define STDC_HEADERS 1
| #define HAVE_SYS_TYPES_H 1
| #define HAVE_SYS_STAT_H 1
| #define HAVE_STDLIB_H 1
| #define HAVE_STRING_H 1
| #define HAVE_MEMORY_H 1
| #define HAVE_STRINGS_H 1
| #define HAVE_INTTYPES_H 1
| #define HAVE_STDINT_H 1
| #define HAVE_UNISTD_H 1
| #define HAVE_DLFCN_H 1
| #define LT_OBJDIR ".libs/"
| /* end confdefs.h.  */
| #include <ac_nonexistent.h>
configure:10537: result: g++ -E
configure:10557: g++ -E  conftest.cpp
configure:10557: $? = 0
configure:10571: g++ -E  conftest.cpp
conftest.cpp:23:10: fatal error: ac_nonexistent.h: No such file or directory
 #include <ac_nonexistent.h>
          ^~~~~~~~~~~~~~~~~~
compilation terminated.
configure:10571: $? = 1
configure: failed program was:
| /* confdefs.h */
| #define PACKAGE_NAME "dumpi"
| #define PACKAGE_TARNAME "dumpi"
| #define PACKAGE_VERSION "12.0.0"
| #define PACKAGE_STRING "dumpi 12.0.0"
| #define PACKAGE_BUGREPORT "jjwilke@sandia.gov"
| #define PACKAGE_URL ""
| #define PACKAGE "dumpi"
| #define VERSION "12.0.0"
| #define STDC_HEADERS 1
| #define HAVE_SYS_TYPES_H 1
| #define HAVE_SYS_STAT_H 1
| #define HAVE_STDLIB_H 1
| #define HAVE_STRING_H 1
| #define HAVE_MEMORY_H 1
| #define HAVE_STRINGS_H 1
| #define HAVE_INTTYPES_H 1
| #define HAVE_STDINT_H 1
| #define HAVE_UNISTD_H 1
| #define HAVE_DLFCN_H 1
| #define LT_OBJDIR ".libs/"
| /* end confdefs.h.  */
| #include <ac_nonexistent.h>
configure:10733: checking for ld used by g++
configure:10800: result: /usr/bin/ld -m elf_x86_64
configure:10807: checking if the linker (/usr/bin/ld -m elf_x86_64) is GNU ld
configure:10822: result: yes
configure:10877: checking whether the g++ linker (/usr/bin/ld -m elf_x86_64) supports shared libraries
configure:11950: result: yes
configure:11986: g++ -c -g -O2  conftest.cpp >&5
configure:11989: $? = 0
configure:12470: checking for g++ option to produce PIC
configure:12477: result: -fPIC -DPIC
configure:12485: checking if g++ PIC flag -fPIC -DPIC works
configure:12503: g++ -c -g -O2  -fPIC -DPIC -DPIC conftest.cpp >&5
configure:12507: $? = 0
configure:12520: result: yes
configure:12543: checking if g++ static flag -static works
configure:12571: result: yes
configure:12583: checking if g++ supports -c -o file.o
configure:12604: g++ -c -g -O2  -o out/conftest2.o conftest.cpp >&5
configure:12608: $? = 0
configure:12630: result: yes
configure:12635: checking if g++ supports -c -o file.o
configure:12682: result: yes
configure:12712: checking whether the g++ linker (/usr/bin/ld -m elf_x86_64) supports shared libraries
configure:12755: result: yes
configure:12896: checking dynamic linker characteristics
configure:13653: result: GNU/Linux ld.so
configure:13718: checking how to hardcode library paths into programs
configure:13743: result: immediate
configure:12695: checking for string.h
configure:12695: result: yes
configure:12725: checking whether POSIX timers should be used
configure:12754: gcc -o conftest -g -O2   conftest.c  >&5
configure:12754: $? = 0
configure:12756: result: available without linking -lrt
configure:12806: checking for gettimeofday
configure:12806: gcc -o conftest -g -O2   conftest.c  >&5
configure:12806: $? = 0
configure:12806: result: yes
configure:12806: checking for getrusage
configure:12806: gcc -o conftest -g -O2   conftest.c  >&5
configure:12806: $? = 0
configure:12806: result: yes
configure:13861: checking otf2/otf2.h usability
configure:13861: gcc -c -g -O2  conftest.c >&5
conftest.c:61:10: fatal error: otf2/otf2.h: No such file or directory
 #include <otf2/otf2.h>
          ^~~~~~~~~~~~~
compilation terminated.
configure:13861: $? = 1
configure: failed program was:
| /* confdefs.h */
| #define PACKAGE_NAME "dumpi"
| #define PACKAGE_TARNAME "dumpi"
| #define PACKAGE_VERSION "12.0.0"
| #define PACKAGE_STRING "dumpi 12.0.0"
| #define PACKAGE_BUGREPORT "jjwilke@sandia.gov"
| #define PACKAGE_URL ""
| #define PACKAGE "dumpi"
| #define VERSION "12.0.0"
| #define STDC_HEADERS 1
| #define HAVE_SYS_TYPES_H 1
| #define HAVE_SYS_STAT_H 1
| #define HAVE_STDLIB_H 1
| #define HAVE_STRING_H 1
| #define HAVE_MEMORY_H 1
| #define HAVE_STRINGS_H 1
| #define HAVE_INTTYPES_H 1
| #define HAVE_STDINT_H 1
| #define HAVE_UNISTD_H 1
| #define HAVE_DLFCN_H 1
| #define LT_OBJDIR ".libs/"
| #define DUMPI_VERSION 12
| #define DUMPI_SUBVERSION 0
| #define DUMPI_SUBSUBVERSION 0
| #define HAVE_GETTIMEOFDAY 1
| #define HAVE_GETRUSAGE 1
| /* end confdefs.h.  */
| #include <stdio.h>
| #ifdef HAVE_SYS_TYPES_H
| # include <sys/types.h>
| #endif
| #ifdef HAVE_SYS_STAT_H
| # include <sys/stat.h>
| #endif
| #ifdef STDC_HEADERS
| # include <stdlib.h>
| # include <stddef.h>
| #else
| # ifdef HAVE_STDLIB_H
| #  include <stdlib.h>
| # endif
| #endif
| #ifdef HAVE_STRING_H
| # if !defined STDC_HEADERS && defined HAVE_MEMORY_H
| #  include <memory.h>
| # endif
| # include <string.h>
| #endif
| #ifdef HAVE_STRINGS_H
| # include <strings.h>
| #endif
| #ifdef HAVE_INTTYPES_H
| # include <inttypes.h>
| #endif
| #ifdef HAVE_STDINT_H
| # include <stdint.h>
| #endif
| #ifdef HAVE_UNISTD_H
| # include <unistd.h>
| #endif
| #include <otf2/otf2.h>
configure:13861: result: no
configure:13861: checking otf2/otf2.h presence
configure:13861: gcc -E  conftest.c
conftest.c:28:10: fatal error: otf2/otf2.h: No such file or directory
 #include <otf2/otf2.h>
          ^~~~~~~~~~~~~
compilation terminated.
configure:13861: $? = 1
configure: failed program was:
| /* confdefs.h */
| #define PACKAGE_NAME "dumpi"
| #define PACKAGE_TARNAME "dumpi"
| #define PACKAGE_VERSION "12.0.0"
| #define PACKAGE_STRING "dumpi 12.0.0"
| #define PACKAGE_BUGREPORT "jjwilke@sandia.gov"
| #define PACKAGE_URL ""
| #define PACKAGE "dumpi"
| #define VERSION "12.0.0"
| #define STDC_HEADERS 1
| #define HAVE_SYS_TYPES_H 1
| #define HAVE_SYS_STAT_H 1
| #define HAVE_STDLIB_H 1
| #define HAVE_STRING_H 1
| #define HAVE_MEMORY_H 1
| #define HAVE_STRINGS_H 1
| #define HAVE_INTTYPES_H 1
| #define HAVE_STDINT_H 1
| #define HAVE_UNISTD_H 1
| #define HAVE_DLFCN_H 1
| #define LT_OBJDIR ".libs/"
| #define DUMPI_VERSION 12
| #define DUMPI_SUBVERSION 0
| #define DUMPI_SUBSUBVERSION 0
| #define HAVE_GETTIMEOFDAY 1
| #define HAVE_GETRUSAGE 1
| /* end confdefs.h.  */
| #include <otf2/otf2.h>
configure:13861: result: no
configure:13861: checking for otf2/otf2.h
configure:13861: result: no
configure:13960: checking whether g++ supports C++11 features by default
configure:13994: g++ -c -g -O2  conftest.cpp >&5
configure:13994: $? = 0
configure:14001: result: yes
configure:22485: checking papi support
configure:22546: gcc -o conftest -g -O2   conftest.c  >&5
conftest.c:40:13: fatal error: papi.h: No such file or directory
    #include <papi.h>
             ^~~~~~~~
compilation terminated.
configure:22546: $? = 1
configure: failed program was:
| /* confdefs.h */
| #define PACKAGE_NAME "dumpi"
| #define PACKAGE_TARNAME "dumpi"
| #define PACKAGE_VERSION "12.0.0"
| #define PACKAGE_STRING "dumpi 12.0.0"
| #define PACKAGE_BUGREPORT "jjwilke@sandia.gov"
| #define PACKAGE_URL ""
| #define PACKAGE "dumpi"
| #define VERSION "12.0.0"
| #define STDC_HEADERS 1
| #define HAVE_SYS_TYPES_H 1
| #define HAVE_SYS_STAT_H 1
| #define HAVE_STDLIB_H 1
| #define HAVE_STRING_H 1
| #define HAVE_MEMORY_H 1
| #define HAVE_STRINGS_H 1
| #define HAVE_INTTYPES_H 1
| #define HAVE_STDINT_H 1
| #define HAVE_UNISTD_H 1
| #define HAVE_DLFCN_H 1
| #define LT_OBJDIR ".libs/"
| #define DUMPI_VERSION 12
| #define DUMPI_SUBVERSION 0
| #define DUMPI_SUBSUBVERSION 0
| #define HAVE_GETTIMEOFDAY 1
| #define HAVE_GETRUSAGE 1
| #define HAVE_CXX11 1
| #define IS_MPI_TWO 1
| #define DUMPI_MEMBUF_SIZE 134217720
| #define DUMPI_SKIP_MPIO_TEST 1
| #define DUMPI_SKIP_MPIO_TESTANY 1
| #define DUMPI_SKIP_MPIO_TESTSOME 1
| #define DUMPI_SKIP_MPIO_TESTALL 1
| #define DUMPI_SKIP_MPIO_WAIT 1
| #define DUMPI_SKIP_MPIO_WAITANY 1
| #define DUMPI_SKIP_MPIO_WAITSOME 1
| #define DUMPI_SKIP_MPIO_WAITALL 1
| /* end confdefs.h.  */
| 
| 	  #include <papi.h>
| 	  #include <stdlib.h>
| 
| #ifdef F77_DUMMY_MAIN
| 
| #  ifdef __cplusplus
|      extern "C"
| #  endif
|    int F77_DUMMY_MAIN() { return 1; }
| 
| #endif
| #ifdef FC_DUMMY_MAIN
| #ifndef FC_DUMMY_MAIN_EQ_F77
| #  ifdef __cplusplus
|      extern "C"
| #  endif
|    int FC_DUMMY_MAIN() { return 1; }
| #endif
| #endif
| int
| main ()
| {
| 
| 	  char *errstr = (char*)malloc(PAPI_MAX_STR_LEN);
| 	  int ret = PAPI_library_init(PAPI_VER_CURRENT);
| 	  if(ret != PAPI_VER_CURRENT) {
|             PAPI_perror(ret, errstr, PAPI_MAX_STR_LEN);
| 	    return EXIT_FAILURE;
| 	  }
| 	  return EXIT_SUCCESS;
| 
| 
|   ;
|   return 0;
| }
configure:22556: result: no
configure:22580: checking instrumentation settings
configure:22801: result: instrumentation not enabled
configure:22815: checking whether HOST_NAME_MAX is declared
configure:22815: gcc -c -g -O2  conftest.c >&5
conftest.c: In function 'main':
conftest.c:66:10: error: 'HOST_NAME_MAX' undeclared (first use in this function); did you mean '_SC_HOST_NAME_MAX'?
   (void) HOST_NAME_MAX;
          ^~~~~~~~~~~~~
          _SC_HOST_NAME_MAX
conftest.c:66:10: note: each undeclared identifier is reported only once for each function it appears in
configure:22815: $? = 1
configure: failed program was:
| /* confdefs.h */
| #define PACKAGE_NAME "dumpi"
| #define PACKAGE_TARNAME "dumpi"
| #define PACKAGE_VERSION "12.0.0"
| #define PACKAGE_STRING "dumpi 12.0.0"
| #define PACKAGE_BUGREPORT "jjwilke@sandia.gov"
| #define PACKAGE_URL ""
| #define PACKAGE "dumpi"
| #define VERSION "12.0.0"
| #define STDC_HEADERS 1
| #define HAVE_SYS_TYPES_H 1
| #define HAVE_SYS_STAT_H 1
| #define HAVE_STDLIB_H 1
| #define HAVE_STRING_H 1
| #define HAVE_MEMORY_H 1
| #define HAVE_STRINGS_H 1
| #define HAVE_INTTYPES_H 1
| #define HAVE_STDINT_H 1
| #define HAVE_UNISTD_H 1
| #define HAVE_DLFCN_H 1
| #define LT_OBJDIR ".libs/"
| #define DUMPI_VERSION 12
| #define DUMPI_SUBVERSION 0
| #define DUMPI_SUBSUBVERSION 0
| #define HAVE_GETTIMEOFDAY 1
| #define HAVE_GETRUSAGE 1
| #define HAVE_CXX11 1
| #define IS_MPI_TWO 1
| #define DUMPI_MEMBUF_SIZE 134217720
| #define DUMPI_SKIP_MPIO_TEST 1
| #define DUMPI_SKIP_MPIO_TESTANY 1
| #define DUMPI_SKIP_MPIO_TESTSOME 1
| #define DUMPI_SKIP_MPIO_TESTALL 1
| #define DUMPI_SKIP_MPIO_WAIT 1
| #define DUMPI_SKIP_MPIO_WAITANY 1
| #define DUMPI_SKIP_MPIO_WAITSOME 1
| #define DUMPI_SKIP_MPIO_WAITALL 1
| #define DUMPI_SKIP_INSTRUMENTING /**/
| /* end confdefs.h.  */
| #include <unistd.h>
| 
| 
| #ifdef F77_DUMMY_MAIN
| 
| #  ifdef __cplusplus
|      extern "C"
| #  endif
|    int F77_DUMMY_MAIN() { return 1; }
| 
| #endif
| #ifdef FC_DUMMY_MAIN
| #ifndef FC_DUMMY_MAIN_EQ_F77
| #  ifdef __cplusplus
|      extern "C"
| #  endif
|    int FC_DUMMY_MAIN() { return 1; }
| #endif
| #endif
| int
| main ()
| {
| #ifndef HOST_NAME_MAX
| #ifdef __cplusplus
|   (void) HOST_NAME_MAX;
| #else
|   (void) HOST_NAME_MAX;
| #endif
| #endif
| 
|   ;
|   return 0;
| }
configure:22815: result: no
configure:22835: checking for dot
configure:22868: result: no
configure:22983: checking that generated files are newer than configure
configure:22989: result: done
configure:23068: creating ./config.status

## ---------------------- ##
## Running config.status. ##
## ---------------------- ##

This file was extended by dumpi config.status 12.0.0'', which was
generated by GNU Autoconf 2.69.  Invocation command line was

  CONFIG_FILES    = 
  CONFIG_HEADERS  = 
  CONFIG_LINKS    = 
  CONFIG_COMMANDS = 
  $ ./config.status 

on shasta

config.status:1311: creating Makefile
config.status:1311: creating dumpi/Makefile
config.status:1311: creating dumpi/common/Makefile
config.status:1311: creating dumpi/libdumpi/Makefile
config.status:1311: creating dumpi/libundumpi/Makefile
config.status:1311: creating dumpi/libotf2dump/Makefile
config.status:1311: creating dumpi/bin/Makefile
config.status:1311: creating dumpi/test/Makefile
config.status:1311: creating tests/Makefile
config.status:1311: creating docs/doxygen.cfg
config.status:1311: creating dumpi/dumpiconfig-generated.h
config.status:1525: executing depfiles commands
config.status:1602: cd dumpi/common       && sed -e '/# am--include-marker/d' Makefile         | make -f - am--depfiles
config.status:1607: $? = 0
config.status:1602: cd dumpi/libdumpi       && sed -e '/# am--include-marker/d' Makefile         | make -f - am--depfiles
config.status:1607: $? = 0
config.status:1602: cd dumpi/libundumpi       && sed -e '/# am--include-marker/d' Makefile         | make -f - am--depfiles
config.status:1607: $? = 0
config.status:1602: cd dumpi/libotf2dump       && sed -e '/# am--include-marker/d' Makefile         | make -f - am--depfiles
config.status:1607: $? = 0
config.status:1602: cd dumpi/bin       && sed -e '/# am--include-marker/d' Makefile         | make -f - am--depfiles
config.status:1607: $? = 0
config.status:1602: cd dumpi/test       && sed -e '/# am--include-marker/d' Makefile         | make -f - am--depfiles
config.status:1607: $? = 0
config.status:1525: executing libtool commands

## ---------------- ##
## Cache variables. ##
## ---------------- ##

ac_cv_build=x86_64-pc-linux-gnu
ac_cv_c_compiler_gnu=yes
ac_cv_cxx_compiler_gnu=yes
ac_cv_env_CCC_set=
ac_cv_env_CCC_value=
ac_cv_env_CC_set=
ac_cv_env_CC_value=
ac_cv_env_CFLAGS_set=
ac_cv_env_CFLAGS_value=
ac_cv_env_CPPFLAGS_set=
ac_cv_env_CPPFLAGS_value=
ac_cv_env_CPP_set=
ac_cv_env_CPP_value=
ac_cv_env_CXXCPP_set=
ac_cv_env_CXXCPP_value=
ac_cv_env_CXXFLAGS_set=
ac_cv_env_CXXFLAGS_value=
ac_cv_env_CXX_set=
ac_cv_env_CXX_value=
ac_cv_env_F77_set=
ac_cv_env_F77_value=
ac_cv_env_FCFLAGS_set=
ac_cv_env_FCFLAGS_value=
ac_cv_env_FC_set=
ac_cv_env_FC_value=
ac_cv_env_FFLAGS_set=
ac_cv_env_FFLAGS_value=
ac_cv_env_LDFLAGS_set=
ac_cv_env_LDFLAGS_value=
ac_cv_env_LIBS_set=
ac_cv_env_LIBS_value=
ac_cv_env_LT_SYS_LIBRARY_PATH_set=
ac_cv_env_LT_SYS_LIBRARY_PATH_value=
ac_cv_env_build_alias_set=
ac_cv_env_build_alias_value=
ac_cv_env_host_alias_set=
ac_cv_env_host_alias_value=
ac_cv_env_target_alias_set=
ac_cv_env_target_alias_value=
ac_cv_func_getrusage=yes
ac_cv_func_gettimeofday=yes
ac_cv_have_decl_HOST_NAME_MAX=no
ac_cv_header_dlfcn_h=yes
ac_cv_header_inttypes_h=yes
ac_cv_header_memory_h=yes
ac_cv_header_otf2_otf2_h=no
ac_cv_header_stdc=yes
ac_cv_header_stdint_h=yes
ac_cv_header_stdlib_h=yes
ac_cv_header_string_h=yes
ac_cv_header_strings_h=yes
ac_cv_header_sys_stat_h=yes
ac_cv_header_sys_types_h=yes
ac_cv_header_unistd_h=yes
ac_cv_host=x86_64-pc-linux-gnu
ac_cv_objext=o
ac_cv_path_EGREP='/usr/bin/grep -E'
ac_cv_path_FGREP='/usr/bin/grep -F'
ac_cv_path_GREP=/usr/bin/grep
ac_cv_path_SED=/usr/bin/sed
ac_cv_path_install='/usr/bin/install -c'
ac_cv_path_lt_DD=/usr/bin/dd
ac_cv_path_mkdir=/usr/bin/mkdir
ac_cv_prog_AWK=gawk
ac_cv_prog_CPP='gcc -E'
ac_cv_prog_CXXCPP='g++ -E'
ac_cv_prog_ac_ct_AR=ar
ac_cv_prog_ac_ct_CC=gcc
ac_cv_prog_ac_ct_CXX=g++
ac_cv_prog_ac_ct_MANIFEST_TOOL=mt
ac_cv_prog_ac_ct_OBJDUMP=objdump
ac_cv_prog_ac_ct_RANLIB=ranlib
ac_cv_prog_ac_ct_STRIP=strip
ac_cv_prog_cc_c89=
ac_cv_prog_cc_g=yes
ac_cv_prog_cxx_g=yes
ac_cv_prog_make_make_set=yes
ac_cv_target=x86_64-pc-linux-gnu
am_cv_CC_dependencies_compiler_type=gcc3
am_cv_CXX_dependencies_compiler_type=gcc3
am_cv_ar_interface=ar
am_cv_make_support_nested_variables=yes
am_cv_prog_cc_c_o=yes
ax_cv_cxx_compile_cxx11=yes
lt_cv_ar_at_file=@
lt_cv_archive_cmds_need_lc=no
lt_cv_deplibs_check_method=pass_all
lt_cv_file_magic_cmd='$MAGIC_CMD'
lt_cv_file_magic_test_file=
lt_cv_ld_reload_flag=-r
lt_cv_nm_interface='BSD nm'
lt_cv_objdir=.libs
lt_cv_path_LD=/usr/bin/ld
lt_cv_path_LDCXX='/usr/bin/ld -m elf_x86_64'
lt_cv_path_NM='/usr/bin/nm -B'
lt_cv_path_mainfest_tool=no
lt_cv_prog_compiler_c_o=yes
lt_cv_prog_compiler_c_o_CXX=yes
lt_cv_prog_compiler_pic='-fPIC -DPIC'
lt_cv_prog_compiler_pic_CXX='-fPIC -DPIC'
lt_cv_prog_compiler_pic_works=yes
lt_cv_prog_compiler_pic_works_CXX=yes
lt_cv_prog_compiler_rtti_exceptions=no
lt_cv_prog_compiler_static_works=yes
lt_cv_prog_compiler_static_works_CXX=yes
lt_cv_prog_gnu_ld=yes
lt_cv_prog_gnu_ldcxx=yes
lt_cv_sharedlib_from_linklib_cmd='printf %s\n'
lt_cv_shlibpath_overrides_runpath=yes
lt_cv_sys_global_symbol_pipe='sed -n -e '\''s/^.*[	 ]\([ABCDGIRSTW][ABCDGIRSTW]*\)[	 ][	 ]*\([_A-Za-z][_A-Za-z0-9]*\)$/\1 \2 \2/p'\'' | sed '\''/ __gnu_lto/d'\'''
lt_cv_sys_global_symbol_to_c_name_address='sed -n -e '\''s/^: \(.*\) .*$/  {"\1", (void *) 0},/p'\'' -e '\''s/^[ABCDGIRSTW][ABCDGIRSTW]* .* \(.*\)$/  {"\1", (void *) \&\1},/p'\'''
lt_cv_sys_global_symbol_to_c_name_address_lib_prefix='sed -n -e '\''s/^: \(.*\) .*$/  {"\1", (void *) 0},/p'\'' -e '\''s/^[ABCDGIRSTW][ABCDGIRSTW]* .* \(lib.*\)$/  {"\1", (void *) \&\1},/p'\'' -e '\''s/^[ABCDGIRSTW][ABCDGIRSTW]* .* \(.*\)$/  {"lib\1", (void *) \&\1},/p'\'''
lt_cv_sys_global_symbol_to_cdecl='sed -n -e '\''s/^T .* \(.*\)$/extern int \1();/p'\'' -e '\''s/^[ABCDGIRSTW][ABCDGIRSTW]* .* \(.*\)$/extern char \1;/p'\'''
lt_cv_sys_global_symbol_to_import=
lt_cv_sys_max_cmd_len=1572864
lt_cv_to_host_file_cmd=func_convert_file_noop
lt_cv_to_tool_file_cmd=func_convert_file_noop
lt_cv_truncate_bin='/usr/bin/dd bs=4096 count=1'

## ----------------- ##
## Output variables. ##
## ----------------- ##

ACLOCAL='${SHELL} /home/xianwei/new_source/sst-macro/sst-dumpi/bin/missing aclocal-1.16'
AMDEPBACKSLASH='\'
AMDEP_FALSE='#'
AMDEP_TRUE=''
AMTAR='$${TAR-tar}'
AM_BACKSLASH='\'
AM_DEFAULT_V='$(AM_DEFAULT_VERBOSITY)'
AM_DEFAULT_VERBOSITY='0'
AM_V='$(V)'
AR='ar'
AUTOCONF='${SHELL} /home/xianwei/new_source/sst-macro/sst-dumpi/bin/missing autoconf'
AUTOHEADER='${SHELL} /home/xianwei/new_source/sst-macro/sst-dumpi/bin/missing autoheader'
AUTOMAKE='${SHELL} /home/xianwei/new_source/sst-macro/sst-dumpi/bin/missing automake-1.16'
AWK='gawk'
CC='gcc'
CCDEPMODE='depmode=gcc3'
CFLAGS='-g -O2'
CPP='gcc -E'
CPPFLAGS=''
CXX='g++'
CXXCPP='g++ -E'
CXXDEPMODE='depmode=gcc3'
CXXFLAGS='-g -O2'
CYGPATH_W='echo'
DEFS='-DHAVE_CONFIG_H'
DEPDIR='.deps'
DLLTOOL='false'
DOT=''
DSYMUTIL=''
DUMPBIN=''
DUMPI_LIBVERSION='12:0:0'
ECHO_C=''
ECHO_N='-n'
ECHO_T=''
EGREP='/usr/bin/grep -E'
EXEEXT=''
F77=''
FC=''
FCFLAGS=''
FCLIBS=''
FFLAGS=''
FGREP='/usr/bin/grep -F'
FLIBS=''
GREP='/usr/bin/grep'
HAVE_CXX11='1'
HAVE_DOT='NO'
HAVE_MACSDK_FALSE='#'
HAVE_MACSDK_TRUE=''
INSTALL_DATA='${INSTALL} -m 644'
INSTALL_PROGRAM='${INSTALL}'
INSTALL_SCRIPT='${INSTALL}'
INSTALL_STRIP_PROGRAM='$(install_sh) -c -s'
LD='/usr/bin/ld -m elf_x86_64'
LDFLAGS=''
LIBOBJS=''
LIBS=''
LIBTOOL='$(SHELL) $(top_builddir)/libtool'
LIPO=''
LN_S='ln -s'
LTLIBOBJS=''
LT_SYS_LIBRARY_PATH=''
MACSDK_CFLAGS=''
MACSDK_CXXFLAGS=''
MAKEINFO='${SHELL} /home/xianwei/new_source/sst-macro/sst-dumpi/bin/missing makeinfo'
MANIFEST_TOOL=':'
MKDIR_P='/usr/bin/mkdir -p'
NM='/usr/bin/nm -B'
NMEDIT=''
OBJDUMP='objdump'
OBJEXT='o'
OTF2_CPPFLAGS=''
OTF2_LDFLAGS=''
OTF2_LIBS=''
OTOOL64=''
OTOOL=''
PACKAGE='dumpi'
PACKAGE_BUGREPORT='jjwilke@sandia.gov'
PACKAGE_NAME='dumpi'
PACKAGE_STRING='dumpi 12.0.0'
PACKAGE_TARNAME='dumpi'
PACKAGE_URL=''
PACKAGE_VERSION='12.0.0'
PATH_SEPARATOR=':'
RANLIB='ranlib'
SED='/usr/bin/sed'
SET_MAKE=''
SHELL='/bin/bash'
STRIP='strip'
VERSION='12.0.0'
WITH_BIN_FALSE='#'
WITH_BIN_TRUE=''
WITH_LIBDUMPI_FALSE=''
WITH_LIBDUMPI_TRUE='#'
WITH_LIBUNDUMPI_FALSE='#'
WITH_LIBUNDUMPI_TRUE=''
WITH_MPIF77_FALSE=''
WITH_MPIF77_TRUE='#'
WITH_MPIF90_FALSE=''
WITH_MPIF90_TRUE='#'
WITH_MPI_THREE_FALSE=''
WITH_MPI_THREE_TRUE='#'
WITH_MPI_TWO_FALSE='#'
WITH_MPI_TWO_TRUE=''
WITH_OTF2_FALSE=''
WITH_OTF2_TRUE='#'
WITH_TEST_FALSE=''
WITH_TEST_TRUE='#'
ac_ct_AR='ar'
ac_ct_CC='gcc'
ac_ct_CXX='g++'
ac_ct_DUMPBIN=''
ac_ct_F77=''
ac_ct_FC=''
am__EXEEXT_FALSE=''
am__EXEEXT_TRUE='#'
am__fastdepCC_FALSE='#'
am__fastdepCC_TRUE=''
am__fastdepCXX_FALSE='#'
am__fastdepCXX_TRUE=''
am__include='include'
am__isrc=' -I$(srcdir)'
am__leading_dot='.'
am__nodep='_no'
am__quote=''
am__tar='$${TAR-tar} chof - "$$tardir"'
am__untar='$${TAR-tar} xf -'
bindir='${exec_prefix}/bin'
build='x86_64-pc-linux-gnu'
build_alias=''
build_cpu='x86_64'
build_os='linux-gnu'
build_vendor='pc'
datadir='${datarootdir}'
datarootdir='${prefix}/share'
docdir='${datarootdir}/doc/${PACKAGE_TARNAME}'
dvidir='${docdir}'
exec_prefix='${prefix}'
host='x86_64-pc-linux-gnu'
host_alias=''
host_cpu='x86_64'
host_os='linux-gnu'
host_vendor='pc'
htmldir='${docdir}'
includedir='${prefix}/include'
infodir='${datarootdir}/info'
install_sh='${SHELL} /home/xianwei/new_source/sst-macro/sst-dumpi/bin/install-sh'
libdir='${exec_prefix}/lib'
libexecdir='${exec_prefix}/libexec'
localedir='${datarootdir}/locale'
localstatedir='${prefix}/var'
mandir='${datarootdir}/man'
mkdir_p='$(MKDIR_P)'
oldincludedir='/usr/include'
pdfdir='${docdir}'
prefix='/home/xianwei/local/sstmacro'
program_transform_name='s,x,x,'
psdir='${docdir}'
runstatedir='${localstatedir}/run'
sbindir='${exec_prefix}/sbin'
sharedstatedir='${prefix}/com'
sysconfdir='${prefix}/etc'
target='x86_64-pc-linux-gnu'
target_alias=''
target_cpu='x86_64'
target_os='linux-gnu'
target_vendor='pc'

## ----------- ##
## confdefs.h. ##
## ----------- ##

/* confdefs.h */
#define PACKAGE_NAME "dumpi"
#define PACKAGE_TARNAME "dumpi"
#define PACKAGE_VERSION "12.0.0"
#define PACKAGE_STRING "dumpi 12.0.0"
#define PACKAGE_BUGREPORT "jjwilke@sandia.gov"
#define PACKAGE_URL ""
#define PACKAGE "dumpi"
#define VERSION "12.0.0"
#define STDC_HEADERS 1
#define HAVE_SYS_TYPES_H 1
#define HAVE_SYS_STAT_H 1
#define HAVE_STDLIB_H 1
#define HAVE_STRING_H 1
#define HAVE_MEMORY_H 1
#define HAVE_STRINGS_H 1
#define HAVE_INTTYPES_H 1
#define HAVE_STDINT_H 1
#define HAVE_UNISTD_H 1
#define HAVE_DLFCN_H 1
#define LT_OBJDIR ".libs/"
#define DUMPI_VERSION 12
#define DUMPI_SUBVERSION 0
#define DUMPI_SUBSUBVERSION 0
#define HAVE_GETTIMEOFDAY 1
#define HAVE_GETRUSAGE 1
#define HAVE_CXX11 1
#define IS_MPI_TWO 1
#define DUMPI_MEMBUF_SIZE 134217720
#define DUMPI_SKIP_MPIO_TEST 1
#define DUMPI_SKIP_MPIO_TESTANY 1
#define DUMPI_SKIP_MPIO_TESTSOME 1
#define DUMPI_SKIP_MPIO_TESTALL 1
#define DUMPI_SKIP_MPIO_WAIT 1
#define DUMPI_SKIP_MPIO_WAITANY 1
#define DUMPI_SKIP_MPIO_WAITSOME 1
#define DUMPI_SKIP_MPIO_WAITALL 1
#define DUMPI_SKIP_INSTRUMENTING /**/
#define DUMPI_HOST_NAME_MAX 64

configure: exit 0
